2018-03-23 09:36:59:878 [main] [?:?][INFO]:using logger: com.alibaba.dubbo.common.logger.log4j.Log4jLoggerAdapter
2018-03-23 09:36:59:918 [main] [Main.java:58][INFO]: [DUBBO] Use container type([spring]) to run dubbo serivce., dubbo version: 2.5.3, current host: 127.0.0.1
2018-03-23 09:36:59:985 [main] [MutablePropertySources.java:109][DEBUG]:Adding [systemProperties] PropertySource with lowest search precedence
2018-03-23 09:36:59:987 [main] [MutablePropertySources.java:109][DEBUG]:Adding [systemEnvironment] PropertySource with lowest search precedence
2018-03-23 09:36:59:987 [main] [AbstractEnvironment.java:127][DEBUG]:Initialized StandardEnvironment with PropertySources [systemProperties,systemEnvironment]
2018-03-23 09:36:59:991 [main] [AbstractApplicationContext.java:578][INFO]:Refreshing org.springframework.context.support.ClassPathXmlApplicationContext@12bb4df8: startup date [Fri Mar 23 09:36:59 CST 2018]; root of context hierarchy
2018-03-23 09:37:00:015 [main] [MutablePropertySources.java:109][DEBUG]:Adding [systemProperties] PropertySource with lowest search precedence
2018-03-23 09:37:00:016 [main] [MutablePropertySources.java:109][DEBUG]:Adding [systemEnvironment] PropertySource with lowest search precedence
2018-03-23 09:37:00:016 [main] [AbstractEnvironment.java:127][DEBUG]:Initialized StandardEnvironment with PropertySources [systemProperties,systemEnvironment]
2018-03-23 09:37:00:024 [main] [PathMatchingResourcePatternResolver.java:631][DEBUG]:Looking for matching resources in directory tree [D:\workspace\zubbo\zubbo-pro\target\classes\META-INF\spring]
2018-03-23 09:37:00:025 [main] [PathMatchingResourcePatternResolver.java:693][DEBUG]:Searching directory [D:\workspace\zubbo\zubbo-pro\target\classes\META-INF\spring] for files matching pattern [D:/workspace/zubbo/zubbo-pro/target/classes/META-INF/spring/*.xml]
2018-03-23 09:37:00:027 [main] [PathMatchingResourcePatternResolver.java:424][DEBUG]:Resolved location pattern [classpath*:META-INF/spring/*.xml] to resources [file [D:\workspace\zubbo\zubbo-pro\target\classes\META-INF\spring\applicationContext.xml]]
2018-03-23 09:37:00:027 [main] [XmlBeanDefinitionReader.java:317][INFO]:Loading XML bean definitions from file [D:\workspace\zubbo\zubbo-pro\target\classes\META-INF\spring\applicationContext.xml]
2018-03-23 09:37:00:040 [main] [DefaultDocumentLoader.java:73][DEBUG]:Using JAXP provider [com.sun.org.apache.xerces.internal.jaxp.DocumentBuilderFactoryImpl]
2018-03-23 09:37:00:064 [main] [PluggableSchemaResolver.java:141][DEBUG]:Loading schema mappings from [META-INF/spring.schemas]
2018-03-23 09:37:00:068 [main] [PluggableSchemaResolver.java:147][DEBUG]:Loaded schema mappings: {http://www.springframework.org/schema/tx/spring-tx-2.5.xsd=org/springframework/transaction/config/spring-tx-2.5.xsd, http://www.springframework.org/schema/cache/spring-cache-4.2.xsd=org/springframework/cache/config/spring-cache-4.2.xsd, http://www.springframework.org/schema/aop/spring-aop-4.1.xsd=org/springframework/aop/config/spring-aop-4.1.xsd, http://www.springframework.org/schema/context/spring-context-3.1.xsd=org/springframework/context/config/spring-context-3.1.xsd, http://www.springframework.org/schema/jdbc/spring-jdbc-4.1.xsd=org/springframework/jdbc/config/spring-jdbc-4.1.xsd, http://www.springframework.org/schema/jms/spring-jms-2.5.xsd=org/springframework/jms/config/spring-jms-2.5.xsd, http://www.springframework.org/schema/util/spring-util-3.0.xsd=org/springframework/beans/factory/xml/spring-util-3.0.xsd, http://www.springframework.org/schema/mvc/spring-mvc-4.1.xsd=org/springframework/web/servlet/config/spring-mvc-4.1.xsd, http://www.springframework.org/schema/tool/spring-tool.xsd=org/springframework/beans/factory/xml/spring-tool-2.5.xsd, http://www.springframework.org/schema/aop/spring-aop-3.2.xsd=org/springframework/aop/config/spring-aop-3.2.xsd, http://www.springframework.org/schema/lang/spring-lang-4.1.xsd=org/springframework/scripting/config/spring-lang-4.1.xsd, http://www.springframework.org/schema/context/spring-context-4.0.xsd=org/springframework/context/config/spring-context-4.0.xsd, http://www.springframework.org/schema/mvc/spring-mvc-3.2.xsd=org/springframework/web/servlet/config/spring-mvc-3.2.xsd, http://www.springframework.org/schema/beans/spring-beans-4.2.xsd=org/springframework/beans/factory/xml/spring-beans-4.2.xsd, http://www.springframework.org/schema/oxm/spring-oxm-3.0.xsd=org/springframework/oxm/config/spring-oxm-3.0.xsd, http://www.springframework.org/schema/tool/spring-tool-4.1.xsd=org/springframework/beans/factory/xml/spring-tool-4.1.xsd, http://www.springframework.org/schema/lang/spring-lang-3.2.xsd=org/springframework/scripting/config/spring-lang-3.2.xsd, http://www.springframework.org/schema/cache/spring-cache-3.2.xsd=org/springframework/cache/config/spring-cache-3.2.xsd, http://www.springframework.org/schema/jee/spring-jee-4.1.xsd=org/springframework/ejb/config/spring-jee-4.1.xsd, http://www.springframework.org/schema/jdbc/spring-jdbc-3.1.xsd=org/springframework/jdbc/config/spring-jdbc-3.1.xsd, http://www.springframework.org/schema/util/spring-util-2.0.xsd=org/springframework/beans/factory/xml/spring-util-2.0.xsd, http://www.springframework.org/schema/task/spring-task-4.2.xsd=org/springframework/scheduling/config/spring-task-4.2.xsd, http://www.springframework.org/schema/tool/spring-tool-3.2.xsd=org/springframework/beans/factory/xml/spring-tool-3.2.xsd, http://www.springframework.org/schema/context/spring-context.xsd=org/springframework/context/config/spring-context-2.5.xsd, http://www.springframework.org/schema/tx/spring-tx-4.2.xsd=org/springframework/transaction/config/spring-tx-4.2.xsd, http://www.springframework.org/schema/cache/spring-cache-4.1.xsd=org/springframework/cache/config/spring-cache-4.1.xsd, http://www.springframework.org/schema/aop/spring-aop-4.0.xsd=org/springframework/aop/config/spring-aop-4.0.xsd, http://www.springframework.org/schema/jee/spring-jee-3.2.xsd=org/springframework/ejb/config/spring-jee-3.2.xsd, http://www.springframework.org/schema/context/spring-context-3.0.xsd=org/springframework/context/config/spring-context-3.0.xsd, http://www.springframework.org/schema/jdbc/spring-jdbc-4.0.xsd=org/springframework/jdbc/config/spring-jdbc-4.0.xsd, http://www.springframework.org/schema/util/spring-util-2.5.xsd=org/springframework/beans/factory/xml/spring-util-2.5.xsd, http://www.springframework.org/schema/mvc/spring-mvc-4.0.xsd=org/springframework/web/servlet/config/spring-mvc-4.0.xsd, http://www.springframework.org/schema/beans/spring-beans-3.2.xsd=org/springframework/beans/factory/xml/spring-beans-3.2.xsd, http://www.springframework.org/schema/aop/spring-aop-3.1.xsd=org/springframework/aop/config/spring-aop-3.1.xsd, http://www.springframework.org/schema/lang/spring-lang-4.0.xsd=org/springframework/scripting/config/spring-lang-4.0.xsd, http://www.springframework.org/schema/mvc/spring-mvc.xsd=org/springframework/web/servlet/config/spring-mvc-4.2.xsd, http://www.springframework.org/schema/mvc/spring-mvc-3.1.xsd=org/springframework/web/servlet/config/spring-mvc-3.1.xsd, http://www.springframework.org/schema/beans/spring-beans-4.1.xsd=org/springframework/beans/factory/xml/spring-beans-4.1.xsd, http://www.springframework.org/schema/tool/spring-tool-4.0.xsd=org/springframework/beans/factory/xml/spring-tool-4.0.xsd, http://www.springframework.org/schema/lang/spring-lang-3.1.xsd=org/springframework/scripting/config/spring-lang-3.1.xsd, http://www.springframework.org/schema/tx/spring-tx-3.2.xsd=org/springframework/transaction/config/spring-tx-3.2.xsd, http://www.springframework.org/schema/cache/spring-cache-3.1.xsd=org/springframework/cache/config/spring-cache-3.1.xsd, http://www.springframework.org/schema/jee/spring-jee-4.0.xsd=org/springframework/ejb/config/spring-jee-4.0.xsd, http://www.springframework.org/schema/jdbc/spring-jdbc-3.0.xsd=org/springframework/jdbc/config/spring-jdbc-3.0.xsd, http://www.springframework.org/schema/task/spring-task-4.1.xsd=org/springframework/scheduling/config/spring-task-4.1.xsd, http://www.springframework.org/schema/tool/spring-tool-3.1.xsd=org/springframework/beans/factory/xml/spring-tool-3.1.xsd, http://www.springframework.org/schema/jdbc/spring-jdbc.xsd=org/springframework/jdbc/config/spring-jdbc-4.2.xsd, http://www.springframework.org/schema/tx/spring-tx-4.1.xsd=org/springframework/transaction/config/spring-tx-4.1.xsd, http://www.springframework.org/schema/cache/spring-cache-4.0.xsd=org/springframework/cache/config/spring-cache-4.0.xsd, http://code.alibabatech.com/schema/dubbo/dubbo.xsd=META-INF/dubbo.xsd, http://www.springframework.org/schema/jee/spring-jee-3.1.xsd=org/springframework/ejb/config/spring-jee-3.1.xsd, http://www.springframework.org/schema/util/spring-util-4.2.xsd=org/springframework/beans/factory/xml/spring-util-4.2.xsd, http://www.springframework.org/schema/task/spring-task-3.2.xsd=org/springframework/scheduling/config/spring-task-3.2.xsd, http://www.springframework.org/schema/beans/spring-beans-3.1.xsd=org/springframework/beans/factory/xml/spring-beans-3.1.xsd, http://www.springframework.org/schema/util/spring-util.xsd=org/springframework/beans/factory/xml/spring-util-2.5.xsd, http://www.springframework.org/schema/aop/spring-aop-3.0.xsd=org/springframework/aop/config/spring-aop-3.0.xsd, http://www.springframework.org/schema/mvc/spring-mvc-3.0.xsd=org/springframework/web/servlet/config/spring-mvc-3.0.xsd, http://www.springframework.org/schema/beans/spring-beans-4.0.xsd=org/springframework/beans/factory/xml/spring-beans-4.0.xsd, http://www.springframework.org/schema/oxm/spring-oxm-4.2.xsd=org/springframework/oxm/config/spring-oxm-4.2.xsd, http://www.springframework.org/schema/beans/spring-beans.xsd=org/springframework/beans/factory/xml/spring-beans-2.5.xsd, http://www.springframework.org/schema/lang/spring-lang-3.0.xsd=org/springframework/scripting/config/spring-lang-3.0.xsd, http://www.springframework.org/schema/tx/spring-tx-3.1.xsd=org/springframework/transaction/config/spring-tx-3.1.xsd, http://www.springframework.org/schema/context/spring-context-2.5.xsd=org/springframework/context/config/spring-context-2.5.xsd, http://www.springframework.org/schema/task/spring-task-4.0.xsd=org/springframework/scheduling/config/spring-task-4.0.xsd, http://www.springframework.org/schema/tool/spring-tool-3.0.xsd=org/springframework/beans/factory/xml/spring-tool-3.0.xsd, http://www.springframework.org/schema/tx/spring-tx-4.0.xsd=org/springframework/transaction/config/spring-tx-4.0.xsd, http://www.springframework.org/schema/aop/spring-aop-2.0.xsd=org/springframework/aop/config/spring-aop-2.0.xsd, http://www.springframework.org/schema/jee/spring-jee-3.0.xsd=org/springframework/ejb/config/spring-jee-3.0.xsd, http://www.springframework.org/schema/util/spring-util-4.1.xsd=org/springframework/beans/factory/xml/spring-util-4.1.xsd, http://www.springframework.org/schema/task/spring-task-3.1.xsd=org/springframework/scheduling/config/spring-task-3.1.xsd, http://www.springframework.org/schema/beans/spring-beans-3.0.xsd=org/springframework/beans/factory/xml/spring-beans-3.0.xsd, http://www.springframework.org/schema/jee/spring-jee.xsd=org/springframework/ejb/config/spring-jee-2.5.xsd, http://www.springframework.org/schema/jms/spring-jms.xsd=org/springframework/jms/config/spring-jms-2.5.xsd, http://www.springframework.org/schema/aop/spring-aop-2.5.xsd=org/springframework/aop/config/spring-aop-2.5.xsd, http://www.springframework.org/schema/lang/spring-lang-2.0.xsd=org/springframework/scripting/config/spring-lang-2.0.xsd, http://www.springframework.org/schema/oxm/spring-oxm.xsd=org/springframework/oxm/config/spring-oxm-4.2.xsd, http://www.springframework.org/schema/util/spring-util-3.2.xsd=org/springframework/beans/factory/xml/spring-util-3.2.xsd, http://www.springframework.org/schema/oxm/spring-oxm-4.1.xsd=org/springframework/oxm/config/spring-oxm-4.1.xsd, http://www.springframework.org/schema/task/spring-task.xsd=org/springframework/scheduling/config/spring-task-4.2.xsd, http://www.springframework.org/schema/tool/spring-tool-2.0.xsd=org/springframework/beans/factory/xml/spring-tool-2.0.xsd, http://www.springframework.org/schema/tx/spring-tx-3.0.xsd=org/springframework/transaction/config/spring-tx-3.0.xsd, http://www.springframework.org/schema/lang/spring-lang-2.5.xsd=org/springframework/scripting/config/spring-lang-2.5.xsd, http://www.springframework.org/schema/context/spring-context-4.2.xsd=org/springframework/context/config/spring-context-4.2.xsd, http://www.springframework.org/schema/jee/spring-jee-2.0.xsd=org/springframework/ejb/config/spring-jee-2.0.xsd, http://www.springframework.org/schema/oxm/spring-oxm-3.2.xsd=org/springframework/oxm/config/spring-oxm-3.2.xsd, http://www.springframework.org/schema/tool/spring-tool-2.5.xsd=org/springframework/beans/factory/xml/spring-tool-2.5.xsd, http://www.springframework.org/schema/jee/spring-jee-2.5.xsd=org/springframework/ejb/config/spring-jee-2.5.xsd, http://www.springframework.org/schema/util/spring-util-4.0.xsd=org/springframework/beans/factory/xml/spring-util-4.0.xsd, http://www.springframework.org/schema/task/spring-task-3.0.xsd=org/springframework/scheduling/config/spring-task-3.0.xsd, http://www.springframework.org/schema/aop/spring-aop-4.2.xsd=org/springframework/aop/config/spring-aop-4.2.xsd, http://www.springframework.org/schema/lang/spring-lang.xsd=org/springframework/scripting/config/spring-lang-2.5.xsd, http://www.springframework.org/schema/context/spring-context-3.2.xsd=org/springframework/context/config/spring-context-3.2.xsd, http://www.springframework.org/schema/jdbc/spring-jdbc-4.2.xsd=org/springframework/jdbc/config/spring-jdbc-4.2.xsd, http://www.springframework.org/schema/util/spring-util-3.1.xsd=org/springframework/beans/factory/xml/spring-util-3.1.xsd, http://www.springframework.org/schema/mvc/spring-mvc-4.2.xsd=org/springframework/web/servlet/config/spring-mvc-4.2.xsd, http://www.springframework.org/schema/beans/spring-beans-2.0.xsd=org/springframework/beans/factory/xml/spring-beans-2.0.xsd, http://www.springframework.org/schema/oxm/spring-oxm-4.0.xsd=org/springframework/oxm/config/spring-oxm-4.0.xsd, http://www.springframework.org/schema/cache/spring-cache.xsd=org/springframework/cache/config/spring-cache-4.2.xsd, http://www.springframework.org/schema/tx/spring-tx.xsd=org/springframework/transaction/config/spring-tx-2.5.xsd, http://www.springframework.org/schema/lang/spring-lang-4.2.xsd=org/springframework/scripting/config/spring-lang-4.2.xsd, http://www.springframework.org/schema/context/spring-context-4.1.xsd=org/springframework/context/config/spring-context-4.1.xsd, http://www.springframework.org/schema/beans/spring-beans-2.5.xsd=org/springframework/beans/factory/xml/spring-beans-2.5.xsd, http://www.springframework.org/schema/oxm/spring-oxm-3.1.xsd=org/springframework/oxm/config/spring-oxm-3.1.xsd, http://www.springframework.org/schema/tool/spring-tool-4.2.xsd=org/springframework/beans/factory/xml/spring-tool-4.2.xsd, http://www.springframework.org/schema/tx/spring-tx-2.0.xsd=org/springframework/transaction/config/spring-tx-2.0.xsd, http://www.springframework.org/schema/jee/spring-jee-4.2.xsd=org/springframework/ejb/config/spring-jee-4.2.xsd, http://www.springframework.org/schema/jdbc/spring-jdbc-3.2.xsd=org/springframework/jdbc/config/spring-jdbc-3.2.xsd, http://www.springframework.org/schema/aop/spring-aop.xsd=org/springframework/aop/config/spring-aop-2.5.xsd}
2018-03-23 09:37:00:070 [main] [PluggableSchemaResolver.java:119][DEBUG]:Found XML schema [http://www.springframework.org/schema/beans/spring-beans-4.0.xsd] in classpath: org/springframework/beans/factory/xml/spring-beans-4.0.xsd
2018-03-23 09:37:00:101 [main] [PluggableSchemaResolver.java:119][DEBUG]:Found XML schema [http://www.springframework.org/schema/context/spring-context-4.0.xsd] in classpath: org/springframework/context/config/spring-context-4.0.xsd
2018-03-23 09:37:00:108 [main] [PluggableSchemaResolver.java:119][DEBUG]:Found XML schema [http://www.springframework.org/schema/tool/spring-tool-4.0.xsd] in classpath: org/springframework/beans/factory/xml/spring-tool-4.0.xsd
2018-03-23 09:37:00:113 [main] [PluggableSchemaResolver.java:119][DEBUG]:Found XML schema [http://code.alibabatech.com/schema/dubbo/dubbo.xsd] in classpath: META-INF/dubbo.xsd
2018-03-23 09:37:00:131 [main] [DefaultBeanDefinitionDocumentReader.java:92][DEBUG]:Loading bean definitions
2018-03-23 09:37:00:140 [main] [DefaultNamespaceHandlerResolver.java:157][DEBUG]:Loaded NamespaceHandler mappings: {http://www.springframework.org/schema/p=org.springframework.beans.factory.xml.SimplePropertyNamespaceHandler, http://www.springframework.org/schema/mvc=org.springframework.web.servlet.config.MvcNamespaceHandler, http://www.springframework.org/schema/util=org.springframework.beans.factory.xml.UtilNamespaceHandler, http://code.alibabatech.com/schema/dubbo=com.alibaba.dubbo.config.spring.schema.DubboNamespaceHandler, http://www.springframework.org/schema/jee=org.springframework.ejb.config.JeeNamespaceHandler, http://www.springframework.org/schema/aop=org.springframework.aop.config.AopNamespaceHandler, http://www.springframework.org/schema/jdbc=org.springframework.jdbc.config.JdbcNamespaceHandler, http://www.springframework.org/schema/oxm=org.springframework.oxm.config.OxmNamespaceHandler, http://www.springframework.org/schema/cache=org.springframework.cache.config.CacheNamespaceHandler, http://www.springframework.org/schema/c=org.springframework.beans.factory.xml.SimpleConstructorNamespaceHandler, http://www.springframework.org/schema/tx=org.springframework.transaction.config.TxNamespaceHandler, http://www.springframework.org/schema/jms=org.springframework.jms.config.JmsNamespaceHandler, http://www.springframework.org/schema/task=org.springframework.scheduling.config.TaskNamespaceHandler, http://www.springframework.org/schema/lang=org.springframework.scripting.config.LangNamespaceHandler, http://www.springframework.org/schema/context=org.springframework.context.config.ContextNamespaceHandler}
2018-03-23 09:37:00:150 [main] [MutablePropertySources.java:109][DEBUG]:Adding [systemProperties] PropertySource with lowest search precedence
2018-03-23 09:37:00:150 [main] [MutablePropertySources.java:109][DEBUG]:Adding [systemEnvironment] PropertySource with lowest search precedence
2018-03-23 09:37:00:151 [main] [AbstractEnvironment.java:127][DEBUG]:Initialized StandardEnvironment with PropertySources [systemProperties,systemEnvironment]
2018-03-23 09:37:00:157 [main] [PathMatchingResourcePatternResolver.java:631][DEBUG]:Looking for matching resources in directory tree [D:\workspace\zubbo\zubbo-pro\target\classes\com\zubbo\service]
2018-03-23 09:37:00:158 [main] [PathMatchingResourcePatternResolver.java:693][DEBUG]:Searching directory [D:\workspace\zubbo\zubbo-pro\target\classes\com\zubbo\service] for files matching pattern [D:/workspace/zubbo/zubbo-pro/target/classes/com/zubbo/service/**/*.class]
2018-03-23 09:37:00:158 [main] [PathMatchingResourcePatternResolver.java:693][DEBUG]:Searching directory [D:\workspace\zubbo\zubbo-pro\target\classes\com\zubbo\service\Impl] for files matching pattern [D:/workspace/zubbo/zubbo-pro/target/classes/com/zubbo/service/**/*.class]
2018-03-23 09:37:00:159 [main] [PathMatchingResourcePatternResolver.java:424][DEBUG]:Resolved location pattern [classpath*:com/zubbo/service/**/*.class] to resources [file [D:\workspace\zubbo\zubbo-pro\target\classes\com\zubbo\service\Impl\TestServiceImpl.class], file [D:\workspace\zubbo\zubbo-pro\target\classes\com\zubbo\service\Impl\UserServiceImpl.class], file [D:\workspace\zubbo\zubbo-pro\target\classes\com\zubbo\service\ProApp.class], file [D:\workspace\zubbo\zubbo-pro\target\classes\com\zubbo\service\UserService.class]]
2018-03-23 09:37:00:205 [main] [AbstractBeanDefinitionReader.java:224][DEBUG]:Loaded 12 bean definitions from location pattern [classpath*:META-INF/spring/*.xml]
2018-03-23 09:37:00:205 [main] [AbstractApplicationContext.java:612][DEBUG]:Bean factory for org.springframework.context.support.ClassPathXmlApplicationContext@12bb4df8: org.springframework.beans.factory.support.DefaultListableBeanFactory@44c8afef: defining beans [org.springframework.context.annotation.internalConfigurationAnnotationProcessor,org.springframework.context.annotation.internalAutowiredAnnotationProcessor,org.springframework.context.annotation.internalRequiredAnnotationProcessor,org.springframework.context.annotation.internalCommonAnnotationProcessor,org.springframework.context.event.internalEventListenerProcessor,org.springframework.context.event.internalEventListenerFactory,testService,userService,t,com.alibaba.dubbo.config.RegistryConfig,dubbo,com.zubbo.api.TestService]; root of factory hierarchy
2018-03-23 09:37:00:219 [main] [DefaultSingletonBeanRegistry.java:221][DEBUG]:Creating shared instance of singleton bean 'org.springframework.context.annotation.internalConfigurationAnnotationProcessor'
2018-03-23 09:37:00:220 [main] [AbstractAutowireCapableBeanFactory.java:448][DEBUG]:Creating instance of bean 'org.springframework.context.annotation.internalConfigurationAnnotationProcessor'
2018-03-23 09:37:00:230 [main] [AbstractAutowireCapableBeanFactory.java:529][DEBUG]:Eagerly caching bean 'org.springframework.context.annotation.internalConfigurationAnnotationProcessor' to allow for resolving potential circular references
2018-03-23 09:37:00:231 [main] [AbstractAutowireCapableBeanFactory.java:484][DEBUG]:Finished creating instance of bean 'org.springframework.context.annotation.internalConfigurationAnnotationProcessor'
2018-03-23 09:37:00:247 [main] [DefaultSingletonBeanRegistry.java:221][DEBUG]:Creating shared instance of singleton bean 'org.springframework.context.annotation.internalAutowiredAnnotationProcessor'
2018-03-23 09:37:00:247 [main] [AbstractAutowireCapableBeanFactory.java:448][DEBUG]:Creating instance of bean 'org.springframework.context.annotation.internalAutowiredAnnotationProcessor'
2018-03-23 09:37:00:248 [main] [AbstractAutowireCapableBeanFactory.java:529][DEBUG]:Eagerly caching bean 'org.springframework.context.annotation.internalAutowiredAnnotationProcessor' to allow for resolving potential circular references
2018-03-23 09:37:00:248 [main] [AbstractAutowireCapableBeanFactory.java:484][DEBUG]:Finished creating instance of bean 'org.springframework.context.annotation.internalAutowiredAnnotationProcessor'
2018-03-23 09:37:00:249 [main] [DefaultSingletonBeanRegistry.java:221][DEBUG]:Creating shared instance of singleton bean 'org.springframework.context.annotation.internalRequiredAnnotationProcessor'
2018-03-23 09:37:00:249 [main] [AbstractAutowireCapableBeanFactory.java:448][DEBUG]:Creating instance of bean 'org.springframework.context.annotation.internalRequiredAnnotationProcessor'
2018-03-23 09:37:00:249 [main] [AbstractAutowireCapableBeanFactory.java:529][DEBUG]:Eagerly caching bean 'org.springframework.context.annotation.internalRequiredAnnotationProcessor' to allow for resolving potential circular references
2018-03-23 09:37:00:249 [main] [AbstractAutowireCapableBeanFactory.java:484][DEBUG]:Finished creating instance of bean 'org.springframework.context.annotation.internalRequiredAnnotationProcessor'
2018-03-23 09:37:00:250 [main] [DefaultSingletonBeanRegistry.java:221][DEBUG]:Creating shared instance of singleton bean 'org.springframework.context.annotation.internalCommonAnnotationProcessor'
2018-03-23 09:37:00:250 [main] [AbstractAutowireCapableBeanFactory.java:448][DEBUG]:Creating instance of bean 'org.springframework.context.annotation.internalCommonAnnotationProcessor'
2018-03-23 09:37:00:252 [main] [AbstractAutowireCapableBeanFactory.java:529][DEBUG]:Eagerly caching bean 'org.springframework.context.annotation.internalCommonAnnotationProcessor' to allow for resolving potential circular references
2018-03-23 09:37:00:252 [main] [AbstractAutowireCapableBeanFactory.java:484][DEBUG]:Finished creating instance of bean 'org.springframework.context.annotation.internalCommonAnnotationProcessor'
2018-03-23 09:37:00:253 [main] [DefaultSingletonBeanRegistry.java:221][DEBUG]:Creating shared instance of singleton bean 'org.springframework.context.annotation.ConfigurationClassPostProcessor.importAwareProcessor'
2018-03-23 09:37:00:253 [main] [AbstractAutowireCapableBeanFactory.java:448][DEBUG]:Creating instance of bean 'org.springframework.context.annotation.ConfigurationClassPostProcessor.importAwareProcessor'
2018-03-23 09:37:00:253 [main] [AbstractAutowireCapableBeanFactory.java:529][DEBUG]:Eagerly caching bean 'org.springframework.context.annotation.ConfigurationClassPostProcessor.importAwareProcessor' to allow for resolving potential circular references
2018-03-23 09:37:00:253 [main] [AbstractAutowireCapableBeanFactory.java:484][DEBUG]:Finished creating instance of bean 'org.springframework.context.annotation.ConfigurationClassPostProcessor.importAwareProcessor'
2018-03-23 09:37:00:254 [main] [DefaultSingletonBeanRegistry.java:221][DEBUG]:Creating shared instance of singleton bean 'org.springframework.context.annotation.ConfigurationClassPostProcessor.enhancedConfigurationProcessor'
2018-03-23 09:37:00:254 [main] [AbstractAutowireCapableBeanFactory.java:448][DEBUG]:Creating instance of bean 'org.springframework.context.annotation.ConfigurationClassPostProcessor.enhancedConfigurationProcessor'
2018-03-23 09:37:00:254 [main] [AbstractAutowireCapableBeanFactory.java:529][DEBUG]:Eagerly caching bean 'org.springframework.context.annotation.ConfigurationClassPostProcessor.enhancedConfigurationProcessor' to allow for resolving potential circular references
2018-03-23 09:37:00:254 [main] [AbstractAutowireCapableBeanFactory.java:484][DEBUG]:Finished creating instance of bean 'org.springframework.context.annotation.ConfigurationClassPostProcessor.enhancedConfigurationProcessor'
2018-03-23 09:37:00:256 [main] [AbstractApplicationContext.java:718][DEBUG]:Unable to locate MessageSource with name 'messageSource': using default [org.springframework.context.support.DelegatingMessageSource@6b67034]
2018-03-23 09:37:00:258 [main] [AbstractApplicationContext.java:742][DEBUG]:Unable to locate ApplicationEventMulticaster with name 'applicationEventMulticaster': using default [org.springframework.context.event.SimpleApplicationEventMulticaster@641147d0]
2018-03-23 09:37:00:258 [main] [DefaultListableBeanFactory.java:741][DEBUG]:Pre-instantiating singletons in org.springframework.beans.factory.support.DefaultListableBeanFactory@44c8afef: defining beans [org.springframework.context.annotation.internalConfigurationAnnotationProcessor,org.springframework.context.annotation.internalAutowiredAnnotationProcessor,org.springframework.context.annotation.internalRequiredAnnotationProcessor,org.springframework.context.annotation.internalCommonAnnotationProcessor,org.springframework.context.event.internalEventListenerProcessor,org.springframework.context.event.internalEventListenerFactory,testService,userService,t,com.alibaba.dubbo.config.RegistryConfig,dubbo,com.zubbo.api.TestService,org.springframework.context.annotation.ConfigurationClassPostProcessor.importAwareProcessor,org.springframework.context.annotation.ConfigurationClassPostProcessor.enhancedConfigurationProcessor]; root of factory hierarchy
2018-03-23 09:37:00:259 [main] [AbstractBeanFactory.java:251][DEBUG]:Returning cached instance of singleton bean 'org.springframework.context.annotation.internalConfigurationAnnotationProcessor'
2018-03-23 09:37:00:259 [main] [AbstractBeanFactory.java:251][DEBUG]:Returning cached instance of singleton bean 'org.springframework.context.annotation.internalAutowiredAnnotationProcessor'
2018-03-23 09:37:00:259 [main] [AbstractBeanFactory.java:251][DEBUG]:Returning cached instance of singleton bean 'org.springframework.context.annotation.internalRequiredAnnotationProcessor'
2018-03-23 09:37:00:259 [main] [AbstractBeanFactory.java:251][DEBUG]:Returning cached instance of singleton bean 'org.springframework.context.annotation.internalCommonAnnotationProcessor'
2018-03-23 09:37:00:259 [main] [DefaultSingletonBeanRegistry.java:221][DEBUG]:Creating shared instance of singleton bean 'org.springframework.context.event.internalEventListenerProcessor'
2018-03-23 09:37:00:259 [main] [AbstractAutowireCapableBeanFactory.java:448][DEBUG]:Creating instance of bean 'org.springframework.context.event.internalEventListenerProcessor'
2018-03-23 09:37:00:264 [main] [AbstractAutowireCapableBeanFactory.java:529][DEBUG]:Eagerly caching bean 'org.springframework.context.event.internalEventListenerProcessor' to allow for resolving potential circular references
2018-03-23 09:37:00:272 [main] [AbstractAutowireCapableBeanFactory.java:484][DEBUG]:Finished creating instance of bean 'org.springframework.context.event.internalEventListenerProcessor'
2018-03-23 09:37:00:272 [main] [DefaultSingletonBeanRegistry.java:221][DEBUG]:Creating shared instance of singleton bean 'org.springframework.context.event.internalEventListenerFactory'
2018-03-23 09:37:00:272 [main] [AbstractAutowireCapableBeanFactory.java:448][DEBUG]:Creating instance of bean 'org.springframework.context.event.internalEventListenerFactory'
2018-03-23 09:37:00:273 [main] [AbstractAutowireCapableBeanFactory.java:529][DEBUG]:Eagerly caching bean 'org.springframework.context.event.internalEventListenerFactory' to allow for resolving potential circular references
2018-03-23 09:37:00:274 [main] [AbstractAutowireCapableBeanFactory.java:484][DEBUG]:Finished creating instance of bean 'org.springframework.context.event.internalEventListenerFactory'
2018-03-23 09:37:00:274 [main] [DefaultSingletonBeanRegistry.java:221][DEBUG]:Creating shared instance of singleton bean 'testService'
2018-03-23 09:37:00:275 [main] [AbstractAutowireCapableBeanFactory.java:448][DEBUG]:Creating instance of bean 'testService'
2018-03-23 09:37:00:285 [main] [InjectionMetadata.java:72][DEBUG]:Registered injected element on class [com.zubbo.service.Impl.TestServiceImpl]: AutowiredFieldElement for private com.zubbo.service.UserService com.zubbo.service.Impl.TestServiceImpl.userService
2018-03-23 09:37:00:286 [main] [AbstractAutowireCapableBeanFactory.java:529][DEBUG]:Eagerly caching bean 'testService' to allow for resolving potential circular references
2018-03-23 09:37:00:287 [main] [InjectionMetadata.java:86][DEBUG]:Processing injected element of bean 'testService': AutowiredFieldElement for private com.zubbo.service.UserService com.zubbo.service.Impl.TestServiceImpl.userService
2018-03-23 09:37:00:290 [main] [DefaultSingletonBeanRegistry.java:221][DEBUG]:Creating shared instance of singleton bean 'userService'
2018-03-23 09:37:00:290 [main] [AbstractAutowireCapableBeanFactory.java:448][DEBUG]:Creating instance of bean 'userService'
2018-03-23 09:37:00:291 [main] [AbstractAutowireCapableBeanFactory.java:529][DEBUG]:Eagerly caching bean 'userService' to allow for resolving potential circular references
2018-03-23 09:37:00:292 [main] [AbstractAutowireCapableBeanFactory.java:484][DEBUG]:Finished creating instance of bean 'userService'
2018-03-23 09:37:00:293 [main] [AutowiredAnnotationBeanPostProcessor.java:492][DEBUG]:Autowiring by type from bean name 'testService' to bean named 'userService'
2018-03-23 09:37:00:293 [main] [AbstractAutowireCapableBeanFactory.java:484][DEBUG]:Finished creating instance of bean 'testService'
2018-03-23 09:37:00:293 [main] [AbstractBeanFactory.java:251][DEBUG]:Returning cached instance of singleton bean 'userService'
2018-03-23 09:37:00:293 [main] [DefaultSingletonBeanRegistry.java:221][DEBUG]:Creating shared instance of singleton bean 't'
2018-03-23 09:37:00:294 [main] [AbstractAutowireCapableBeanFactory.java:448][DEBUG]:Creating instance of bean 't'
2018-03-23 09:37:00:296 [main] [AbstractAutowireCapableBeanFactory.java:529][DEBUG]:Eagerly caching bean 't' to allow for resolving potential circular references
2018-03-23 09:37:00:309 [main] [AbstractAutowireCapableBeanFactory.java:484][DEBUG]:Finished creating instance of bean 't'
2018-03-23 09:37:00:309 [main] [DefaultSingletonBeanRegistry.java:221][DEBUG]:Creating shared instance of singleton bean 'com.alibaba.dubbo.config.RegistryConfig'
2018-03-23 09:37:00:309 [main] [AbstractAutowireCapableBeanFactory.java:448][DEBUG]:Creating instance of bean 'com.alibaba.dubbo.config.RegistryConfig'
2018-03-23 09:37:00:311 [main] [AbstractAutowireCapableBeanFactory.java:529][DEBUG]:Eagerly caching bean 'com.alibaba.dubbo.config.RegistryConfig' to allow for resolving potential circular references
2018-03-23 09:37:00:316 [main] [AbstractAutowireCapableBeanFactory.java:484][DEBUG]:Finished creating instance of bean 'com.alibaba.dubbo.config.RegistryConfig'
2018-03-23 09:37:00:316 [main] [DefaultSingletonBeanRegistry.java:221][DEBUG]:Creating shared instance of singleton bean 'dubbo'
2018-03-23 09:37:00:316 [main] [AbstractAutowireCapableBeanFactory.java:448][DEBUG]:Creating instance of bean 'dubbo'
2018-03-23 09:37:00:318 [main] [AbstractAutowireCapableBeanFactory.java:529][DEBUG]:Eagerly caching bean 'dubbo' to allow for resolving potential circular references
2018-03-23 09:37:00:329 [main] [AbstractAutowireCapableBeanFactory.java:484][DEBUG]:Finished creating instance of bean 'dubbo'
2018-03-23 09:37:00:330 [main] [DefaultSingletonBeanRegistry.java:221][DEBUG]:Creating shared instance of singleton bean 'com.zubbo.api.TestService'
2018-03-23 09:37:00:330 [main] [AbstractAutowireCapableBeanFactory.java:448][DEBUG]:Creating instance of bean 'com.zubbo.api.TestService'
2018-03-23 09:37:00:351 [main] [ExtensionLoader.java:943][DEBUG]: [DUBBO] package com.alibaba.dubbo.rpc;
import com.alibaba.dubbo.common.extension.ExtensionLoader;
public class Protocol$Adpative implements com.alibaba.dubbo.rpc.Protocol {
public void destroy() {throw new UnsupportedOperationException("method public abstract void com.alibaba.dubbo.rpc.Protocol.destroy() of interface com.alibaba.dubbo.rpc.Protocol is not adaptive method!");
}
public int getDefaultPort() {throw new UnsupportedOperationException("method public abstract int com.alibaba.dubbo.rpc.Protocol.getDefaultPort() of interface com.alibaba.dubbo.rpc.Protocol is not adaptive method!");
}
public com.alibaba.dubbo.rpc.Exporter export(com.alibaba.dubbo.rpc.Invoker arg0) throws com.alibaba.dubbo.rpc.Invoker {
if (arg0 == null) throw new IllegalArgumentException("com.alibaba.dubbo.rpc.Invoker argument == null");
if (arg0.getUrl() == null) throw new IllegalArgumentException("com.alibaba.dubbo.rpc.Invoker argument getUrl() == null");com.alibaba.dubbo.common.URL url = arg0.getUrl();
String extName = ( url.getProtocol() == null ? "dubbo" : url.getProtocol() );
if(extName == null) throw new IllegalStateException("Fail to get extension(com.alibaba.dubbo.rpc.Protocol) name from url(" + url.toString() + ") use keys([protocol])");
com.alibaba.dubbo.rpc.Protocol extension = (com.alibaba.dubbo.rpc.Protocol)ExtensionLoader.getExtensionLoader(com.alibaba.dubbo.rpc.Protocol.class).getExtension(extName);
return extension.export(arg0);
}
public com.alibaba.dubbo.rpc.Invoker refer(java.lang.Class arg0, com.alibaba.dubbo.common.URL arg1) throws java.lang.Class {
if (arg1 == null) throw new IllegalArgumentException("url == null");
com.alibaba.dubbo.common.URL url = arg1;
String extName = ( url.getProtocol() == null ? "dubbo" : url.getProtocol() );
if(extName == null) throw new IllegalStateException("Fail to get extension(com.alibaba.dubbo.rpc.Protocol) name from url(" + url.toString() + ") use keys([protocol])");
com.alibaba.dubbo.rpc.Protocol extension = (com.alibaba.dubbo.rpc.Protocol)ExtensionLoader.getExtensionLoader(com.alibaba.dubbo.rpc.Protocol.class).getExtension(extName);
return extension.refer(arg0, arg1);
}
}, dubbo version: 2.5.3, current host: 127.0.0.1
2018-03-23 09:37:00:428 [main] [ExtensionLoader.java:943][DEBUG]: [DUBBO] package com.alibaba.dubbo.rpc;
import com.alibaba.dubbo.common.extension.ExtensionLoader;
public class ProxyFactory$Adpative implements com.alibaba.dubbo.rpc.ProxyFactory {
public com.alibaba.dubbo.rpc.Invoker getInvoker(java.lang.Object arg0, java.lang.Class arg1, com.alibaba.dubbo.common.URL arg2) throws java.lang.Object {
if (arg2 == null) throw new IllegalArgumentException("url == null");
com.alibaba.dubbo.common.URL url = arg2;
String extName = url.getParameter("proxy", "javassist");
if(extName == null) throw new IllegalStateException("Fail to get extension(com.alibaba.dubbo.rpc.ProxyFactory) name from url(" + url.toString() + ") use keys([proxy])");
com.alibaba.dubbo.rpc.ProxyFactory extension = (com.alibaba.dubbo.rpc.ProxyFactory)ExtensionLoader.getExtensionLoader(com.alibaba.dubbo.rpc.ProxyFactory.class).getExtension(extName);
return extension.getInvoker(arg0, arg1, arg2);
}
public java.lang.Object getProxy(com.alibaba.dubbo.rpc.Invoker arg0) throws com.alibaba.dubbo.rpc.Invoker {
if (arg0 == null) throw new IllegalArgumentException("com.alibaba.dubbo.rpc.Invoker argument == null");
if (arg0.getUrl() == null) throw new IllegalArgumentException("com.alibaba.dubbo.rpc.Invoker argument getUrl() == null");com.alibaba.dubbo.common.URL url = arg0.getUrl();
String extName = url.getParameter("proxy", "javassist");
if(extName == null) throw new IllegalStateException("Fail to get extension(com.alibaba.dubbo.rpc.ProxyFactory) name from url(" + url.toString() + ") use keys([proxy])");
com.alibaba.dubbo.rpc.ProxyFactory extension = (com.alibaba.dubbo.rpc.ProxyFactory)ExtensionLoader.getExtensionLoader(com.alibaba.dubbo.rpc.ProxyFactory.class).getExtension(extName);
return extension.getProxy(arg0);
}
}, dubbo version: 2.5.3, current host: 127.0.0.1
2018-03-23 09:37:00:441 [main] [AbstractAutowireCapableBeanFactory.java:529][DEBUG]:Eagerly caching bean 'com.zubbo.api.TestService' to allow for resolving potential circular references
2018-03-23 09:37:00:459 [main] [AbstractBeanFactory.java:251][DEBUG]:Returning cached instance of singleton bean 'testService'
2018-03-23 09:37:00:460 [main] [AbstractAutowireCapableBeanFactory.java:1620][DEBUG]:Invoking afterPropertiesSet() on bean with name 'com.zubbo.api.TestService'
2018-03-23 09:37:00:461 [main] [AbstractBeanFactory.java:251][DEBUG]:Returning cached instance of singleton bean 't'
2018-03-23 09:37:00:461 [main] [AbstractBeanFactory.java:251][DEBUG]:Returning cached instance of singleton bean 'com.alibaba.dubbo.config.RegistryConfig'
2018-03-23 09:37:00:462 [main] [AbstractBeanFactory.java:251][DEBUG]:Returning cached instance of singleton bean 'dubbo'
2018-03-23 09:37:00:462 [main] [AbstractAutowireCapableBeanFactory.java:484][DEBUG]:Finished creating instance of bean 'com.zubbo.api.TestService'
2018-03-23 09:37:00:462 [main] [AbstractBeanFactory.java:251][DEBUG]:Returning cached instance of singleton bean 'org.springframework.context.annotation.ConfigurationClassPostProcessor.importAwareProcessor'
2018-03-23 09:37:00:462 [main] [AbstractBeanFactory.java:251][DEBUG]:Returning cached instance of singleton bean 'org.springframework.context.annotation.ConfigurationClassPostProcessor.enhancedConfigurationProcessor'
2018-03-23 09:37:00:462 [main] [AbstractBeanFactory.java:251][DEBUG]:Returning cached instance of singleton bean 'org.springframework.context.event.internalEventListenerFactory'
2018-03-23 09:37:00:479 [main] [AbstractApplicationContext.java:769][DEBUG]:Unable to locate LifecycleProcessor with name 'lifecycleProcessor': using default [org.springframework.context.support.DefaultLifecycleProcessor@48f2bd5b]
2018-03-23 09:37:00:480 [main] [AbstractBeanFactory.java:251][DEBUG]:Returning cached instance of singleton bean 'lifecycleProcessor'
2018-03-23 09:37:00:483 [main] [AbstractBeanFactory.java:251][DEBUG]:Returning cached instance of singleton bean 'com.zubbo.api.TestService'
2018-03-23 09:37:00:483 [main] [ServiceBean.java:107][INFO]: [DUBBO] The service ready on spring started. service: com.zubbo.api.TestService, dubbo version: 2.5.3, current host: 127.0.0.1
2018-03-23 09:37:00:541 [main] [ExtensionLoader.java:943][DEBUG]: [DUBBO] package com.alibaba.dubbo.cache;
import com.alibaba.dubbo.common.extension.ExtensionLoader;
public class CacheFactory$Adpative implements com.alibaba.dubbo.cache.CacheFactory {
public com.alibaba.dubbo.cache.Cache getCache(com.alibaba.dubbo.common.URL arg0) {
if (arg0 == null) throw new IllegalArgumentException("url == null");
com.alibaba.dubbo.common.URL url = arg0;
String extName = url.getParameter("cache", "lru");
if(extName == null) throw new IllegalStateException("Fail to get extension(com.alibaba.dubbo.cache.CacheFactory) name from url(" + url.toString() + ") use keys([cache])");
com.alibaba.dubbo.cache.CacheFactory extension = (com.alibaba.dubbo.cache.CacheFactory)ExtensionLoader.getExtensionLoader(com.alibaba.dubbo.cache.CacheFactory.class).getExtension(extName);
return extension.getCache(arg0);
}
}, dubbo version: 2.5.3, current host: 127.0.0.1
2018-03-23 09:37:00:550 [main] [ExtensionLoader.java:943][DEBUG]: [DUBBO] package com.alibaba.dubbo.monitor;
import com.alibaba.dubbo.common.extension.ExtensionLoader;
public class MonitorFactory$Adpative implements com.alibaba.dubbo.monitor.MonitorFactory {
public com.alibaba.dubbo.monitor.Monitor getMonitor(com.alibaba.dubbo.common.URL arg0) {
if (arg0 == null) throw new IllegalArgumentException("url == null");
com.alibaba.dubbo.common.URL url = arg0;
String extName = ( url.getProtocol() == null ? "dubbo" : url.getProtocol() );
if(extName == null) throw new IllegalStateException("Fail to get extension(com.alibaba.dubbo.monitor.MonitorFactory) name from url(" + url.toString() + ") use keys([protocol])");
com.alibaba.dubbo.monitor.MonitorFactory extension = (com.alibaba.dubbo.monitor.MonitorFactory)ExtensionLoader.getExtensionLoader(com.alibaba.dubbo.monitor.MonitorFactory.class).getExtension(extName);
return extension.getMonitor(arg0);
}
}, dubbo version: 2.5.3, current host: 127.0.0.1
2018-03-23 09:37:00:561 [main] [ExtensionLoader.java:943][DEBUG]: [DUBBO] package com.alibaba.dubbo.validation;
import com.alibaba.dubbo.common.extension.ExtensionLoader;
public class Validation$Adpative implements com.alibaba.dubbo.validation.Validation {
public com.alibaba.dubbo.validation.Validator getValidator(com.alibaba.dubbo.common.URL arg0) {
if (arg0 == null) throw new IllegalArgumentException("url == null");
com.alibaba.dubbo.common.URL url = arg0;
String extName = url.getParameter("validation", "jvalidation");
if(extName == null) throw new IllegalStateException("Fail to get extension(com.alibaba.dubbo.validation.Validation) name from url(" + url.toString() + ") use keys([validation])");
com.alibaba.dubbo.validation.Validation extension = (com.alibaba.dubbo.validation.Validation)ExtensionLoader.getExtensionLoader(com.alibaba.dubbo.validation.Validation.class).getExtension(extName);
return extension.getValidator(arg0);
}
}, dubbo version: 2.5.3, current host: 127.0.0.1
2018-03-23 09:37:00:569 [main] [ServiceConfig.java:510][INFO]: [DUBBO] Export dubbo service com.zubbo.api.TestService to local registry, dubbo version: 2.5.3, current host: 127.0.0.1
2018-03-23 09:37:00:569 [main] [ServiceConfig.java:470][INFO]: [DUBBO] Export dubbo service com.zubbo.api.TestService to url dubbo://192.168.0.103:20880/com.zubbo.api.TestService?anyhost=true&application=t&dubbo=2.5.3&interface=com.zubbo.api.TestService&methods=sayHello&pid=7120&side=provider&timestamp=1521769020505, dubbo version: 2.5.3, current host: 127.0.0.1
2018-03-23 09:37:00:569 [main] [ServiceConfig.java:481][INFO]: [DUBBO] Register dubbo service com.zubbo.api.TestService url dubbo://192.168.0.103:20880/com.zubbo.api.TestService?anyhost=true&application=t&dubbo=2.5.3&interface=com.zubbo.api.TestService&methods=sayHello&pid=7120&side=provider&timestamp=1521769020505 to registry registry://127.0.0.1:2181/com.alibaba.dubbo.registry.RegistryService?application=t&dubbo=2.5.3&pid=7120&registry=zookeeper&timestamp=1521769020488, dubbo version: 2.5.3, current host: 127.0.0.1
2018-03-23 09:37:00:574 [main] [ExtensionLoader.java:943][DEBUG]: [DUBBO] package com.alibaba.dubbo.rpc.cluster;
import com.alibaba.dubbo.common.extension.ExtensionLoader;
public class Cluster$Adpative implements com.alibaba.dubbo.rpc.cluster.Cluster {
public com.alibaba.dubbo.rpc.Invoker join(com.alibaba.dubbo.rpc.cluster.Directory arg0) throws com.alibaba.dubbo.rpc.cluster.Directory {
if (arg0 == null) throw new IllegalArgumentException("com.alibaba.dubbo.rpc.cluster.Directory argument == null");
if (arg0.getUrl() == null) throw new IllegalArgumentException("com.alibaba.dubbo.rpc.cluster.Directory argument getUrl() == null");com.alibaba.dubbo.common.URL url = arg0.getUrl();
String extName = url.getParameter("cluster", "failover");
if(extName == null) throw new IllegalStateException("Fail to get extension(com.alibaba.dubbo.rpc.cluster.Cluster) name from url(" + url.toString() + ") use keys([cluster])");
com.alibaba.dubbo.rpc.cluster.Cluster extension = (com.alibaba.dubbo.rpc.cluster.Cluster)ExtensionLoader.getExtensionLoader(com.alibaba.dubbo.rpc.cluster.Cluster.class).getExtension(extName);
return extension.join(arg0);
}
}, dubbo version: 2.5.3, current host: 127.0.0.1
2018-03-23 09:37:00:581 [main] [ExtensionLoader.java:943][DEBUG]: [DUBBO] package com.alibaba.dubbo.registry;
import com.alibaba.dubbo.common.extension.ExtensionLoader;
public class RegistryFactory$Adpative implements com.alibaba.dubbo.registry.RegistryFactory {
public com.alibaba.dubbo.registry.Registry getRegistry(com.alibaba.dubbo.common.URL arg0) {
if (arg0 == null) throw new IllegalArgumentException("url == null");
com.alibaba.dubbo.common.URL url = arg0;
String extName = ( url.getProtocol() == null ? "dubbo" : url.getProtocol() );
if(extName == null) throw new IllegalStateException("Fail to get extension(com.alibaba.dubbo.registry.RegistryFactory) name from url(" + url.toString() + ") use keys([protocol])");
com.alibaba.dubbo.registry.RegistryFactory extension = (com.alibaba.dubbo.registry.RegistryFactory)ExtensionLoader.getExtensionLoader(com.alibaba.dubbo.registry.RegistryFactory.class).getExtension(extName);
return extension.getRegistry(arg0);
}
}, dubbo version: 2.5.3, current host: 127.0.0.1
2018-03-23 09:37:00:599 [main] [ExtensionLoader.java:943][DEBUG]: [DUBBO] package com.alibaba.dubbo.remoting;
import com.alibaba.dubbo.common.extension.ExtensionLoader;
public class Transporter$Adpative implements com.alibaba.dubbo.remoting.Transporter {
public com.alibaba.dubbo.remoting.Client connect(com.alibaba.dubbo.common.URL arg0, com.alibaba.dubbo.remoting.ChannelHandler arg1) throws com.alibaba.dubbo.common.URL {
if (arg0 == null) throw new IllegalArgumentException("url == null");
com.alibaba.dubbo.common.URL url = arg0;
String extName = url.getParameter("client", url.getParameter("transporter", "netty"));
if(extName == null) throw new IllegalStateException("Fail to get extension(com.alibaba.dubbo.remoting.Transporter) name from url(" + url.toString() + ") use keys([client, transporter])");
com.alibaba.dubbo.remoting.Transporter extension = (com.alibaba.dubbo.remoting.Transporter)ExtensionLoader.getExtensionLoader(com.alibaba.dubbo.remoting.Transporter.class).getExtension(extName);
return extension.connect(arg0, arg1);
}
public com.alibaba.dubbo.remoting.Server bind(com.alibaba.dubbo.common.URL arg0, com.alibaba.dubbo.remoting.ChannelHandler arg1) throws com.alibaba.dubbo.common.URL {
if (arg0 == null) throw new IllegalArgumentException("url == null");
com.alibaba.dubbo.common.URL url = arg0;
String extName = url.getParameter("server", url.getParameter("transporter", "netty"));
if(extName == null) throw new IllegalStateException("Fail to get extension(com.alibaba.dubbo.remoting.Transporter) name from url(" + url.toString() + ") use keys([server, transporter])");
com.alibaba.dubbo.remoting.Transporter extension = (com.alibaba.dubbo.remoting.Transporter)ExtensionLoader.getExtensionLoader(com.alibaba.dubbo.remoting.Transporter.class).getExtension(extName);
return extension.bind(arg0, arg1);
}
}, dubbo version: 2.5.3, current host: 127.0.0.1
2018-03-23 09:37:00:613 [main] [ExtensionLoader.java:943][DEBUG]: [DUBBO] package com.alibaba.dubbo.remoting;
import com.alibaba.dubbo.common.extension.ExtensionLoader;
public class Dispatcher$Adpative implements com.alibaba.dubbo.remoting.Dispatcher {
public com.alibaba.dubbo.remoting.ChannelHandler dispatch(com.alibaba.dubbo.remoting.ChannelHandler arg0, com.alibaba.dubbo.common.URL arg1) {
if (arg1 == null) throw new IllegalArgumentException("url == null");
com.alibaba.dubbo.common.URL url = arg1;
String extName = url.getParameter("dispatcher", url.getParameter("dispather", url.getParameter("channel.handler", "all")));
if(extName == null) throw new IllegalStateException("Fail to get extension(com.alibaba.dubbo.remoting.Dispatcher) name from url(" + url.toString() + ") use keys([dispatcher, dispather, channel.handler])");
com.alibaba.dubbo.remoting.Dispatcher extension = (com.alibaba.dubbo.remoting.Dispatcher)ExtensionLoader.getExtensionLoader(com.alibaba.dubbo.remoting.Dispatcher.class).getExtension(extName);
return extension.dispatch(arg0, arg1);
}
}, dubbo version: 2.5.3, current host: 127.0.0.1
2018-03-23 09:37:00:622 [main] [ExtensionLoader.java:943][DEBUG]: [DUBBO] package com.alibaba.dubbo.common.threadpool;
import com.alibaba.dubbo.common.extension.ExtensionLoader;
public class ThreadPool$Adpative implements com.alibaba.dubbo.common.threadpool.ThreadPool {
public java.util.concurrent.Executor getExecutor(com.alibaba.dubbo.common.URL arg0) {
if (arg0 == null) throw new IllegalArgumentException("url == null");
com.alibaba.dubbo.common.URL url = arg0;
String extName = url.getParameter("threadpool", "fixed");
if(extName == null) throw new IllegalStateException("Fail to get extension(com.alibaba.dubbo.common.threadpool.ThreadPool) name from url(" + url.toString() + ") use keys([threadpool])");
com.alibaba.dubbo.common.threadpool.ThreadPool extension = (com.alibaba.dubbo.common.threadpool.ThreadPool)ExtensionLoader.getExtensionLoader(com.alibaba.dubbo.common.threadpool.ThreadPool.class).getExtension(extName);
return extension.getExecutor(arg0);
}
}, dubbo version: 2.5.3, current host: 127.0.0.1
2018-03-23 09:37:00:645 [main] [NettyHelper.java:70][DEBUG]: [DUBBO] Using the autodetected NIO constraint level: 0, dubbo version: 2.5.3, current host: 127.0.0.1
2018-03-23 09:37:00:776 [main] [AbstractServer.java:69][INFO]: [DUBBO] Start NettyServer bind /0.0.0.0:20880, export /192.168.0.103:20880, dubbo version: 2.5.3, current host: 127.0.0.1
2018-03-23 09:37:00:780 [main] [ExtensionLoader.java:943][DEBUG]: [DUBBO] package com.alibaba.dubbo.remoting.zookeeper;
import com.alibaba.dubbo.common.extension.ExtensionLoader;
public class ZookeeperTransporter$Adpative implements com.alibaba.dubbo.remoting.zookeeper.ZookeeperTransporter {
public com.alibaba.dubbo.remoting.zookeeper.ZookeeperClient connect(com.alibaba.dubbo.common.URL arg0) {
if (arg0 == null) throw new IllegalArgumentException("url == null");
com.alibaba.dubbo.common.URL url = arg0;
String extName = url.getParameter("client", url.getParameter("transporter", "zkclient"));
if(extName == null) throw new IllegalStateException("Fail to get extension(com.alibaba.dubbo.remoting.zookeeper.ZookeeperTransporter) name from url(" + url.toString() + ") use keys([client, transporter])");
com.alibaba.dubbo.remoting.zookeeper.ZookeeperTransporter extension = (com.alibaba.dubbo.remoting.zookeeper.ZookeeperTransporter)ExtensionLoader.getExtensionLoader(com.alibaba.dubbo.remoting.zookeeper.ZookeeperTransporter.class).getExtension(extName);
return extension.connect(arg0);
}
}, dubbo version: 2.5.3, current host: 127.0.0.1
2018-03-23 09:37:00:791 [main] [AbstractRegistry.java:232][INFO]: [DUBBO] Load registry store file C:\Users\Administrator\.dubbo\dubbo-registry-127.0.0.1.cache, data: {com.zubbo.api.TestService=empty://192.168.0.103/com.zubbo.api.TestService?application=c&category=configurators&dubbo=2.5.3&interface=com.zubbo.api.TestService&methods=sayHello&pid=6500&side=consumer&timestamp=1521768788498 empty://192.168.0.103/com.zubbo.api.TestService?application=c&category=routers&dubbo=2.5.3&interface=com.zubbo.api.TestService&methods=sayHello&pid=6500&side=consumer&timestamp=1521768788498 dubbo://192.168.0.103:20880/com.zubbo.api.TestService?anyhost=true&application=t&dubbo=2.5.3&interface=com.zubbo.api.TestService&methods=sayHello&pid=1064&side=provider&timestamp=1521768661167}, dubbo version: 2.5.3, current host: 127.0.0.1
2018-03-23 09:37:00:800 [main] [ZkConnection.java:63][DEBUG]:Creating new ZookKeeper instance to connect to 127.0.0.1:2181.
2018-03-23 09:37:00:800 [ZkClient-EventThread-14-127.0.0.1:2181] [ZkEventThread.java:64][INFO]:Starting ZkClient event thread.
2018-03-23 09:37:00:805 [main] [Environment.java:97][INFO]:Client environment:zookeeper.version=3.3.3-1073969, built on 02/23/2011 22:27 GMT
2018-03-23 09:37:00:805 [main] [Environment.java:97][INFO]:Client environment:host.name=oys-PC
2018-03-23 09:37:00:805 [main] [Environment.java:97][INFO]:Client environment:java.version=1.8.0_131
2018-03-23 09:37:00:805 [main] [Environment.java:97][INFO]:Client environment:java.vendor=Oracle Corporation
2018-03-23 09:37:00:806 [main] [Environment.java:97][INFO]:Client environment:java.home=C:\Program Files\Java\jdk1.8.0_131\jre
2018-03-23 09:37:00:806 [main] [Environment.java:97][INFO]:Client environment:java.class.path=D:\workspace\zubbo\zubbo-pro\target\classes;D:\workspace\zubbo\zubbo-api\target\classes;D:\Maven_Repository\org\springframework\spring-core\4.2.4.RELEASE\spring-core-4.2.4.RELEASE.jar;D:\Maven_Repository\commons-logging\commons-logging\1.2\commons-logging-1.2.jar;D:\Maven_Repository\org\springframework\spring-orm\4.2.4.RELEASE\spring-orm-4.2.4.RELEASE.jar;D:\Maven_Repository\org\springframework\spring-aspects\4.2.4.RELEASE\spring-aspects-4.2.4.RELEASE.jar;D:\Maven_Repository\org\aspectj\aspectjweaver\1.8.7\aspectjweaver-1.8.7.jar;D:\Maven_Repository\org\springframework\spring-oxm\4.2.4.RELEASE\spring-oxm-4.2.4.RELEASE.jar;D:\Maven_Repository\org\springframework\spring-jdbc\4.2.4.RELEASE\spring-jdbc-4.2.4.RELEASE.jar;D:\Maven_Repository\org\springframework\spring-tx\4.2.4.RELEASE\spring-tx-4.2.4.RELEASE.jar;D:\Maven_Repository\org\springframework\spring-aop\4.2.4.RELEASE\spring-aop-4.2.4.RELEASE.jar;D:\Maven_Repository\aopalliance\aopalliance\1.0\aopalliance-1.0.jar;D:\Maven_Repository\org\springframework\spring-web\4.2.4.RELEASE\spring-web-4.2.4.RELEASE.jar;D:\Maven_Repository\org\springframework\spring-context\4.2.4.RELEASE\spring-context-4.2.4.RELEASE.jar;D:\Maven_Repository\org\springframework\spring-webmvc\4.2.4.RELEASE\spring-webmvc-4.2.4.RELEASE.jar;D:\Maven_Repository\org\springframework\spring-expression\4.2.4.RELEASE\spring-expression-4.2.4.RELEASE.jar;D:\Maven_Repository\org\springframework\spring-context-support\4.2.4.RELEASE\spring-context-support-4.2.4.RELEASE.jar;D:\Maven_Repository\org\springframework\spring-test\4.2.4.RELEASE\spring-test-4.2.4.RELEASE.jar;D:\Maven_Repository\org\springframework\spring-beans\4.2.4.RELEASE\spring-beans-4.2.4.RELEASE.jar;D:\Maven_Repository\com\alibaba\dubbo\2.5.3\dubbo-2.5.3.jar;D:\Maven_Repository\org\springframework\spring\2.5.6.SEC03\spring-2.5.6.SEC03.jar;D:\Maven_Repository\org\javassist\javassist\3.15.0-GA\javassist-3.15.0-GA.jar;D:\Maven_Repository\org\jboss\netty\netty\3.2.5.Final\netty-3.2.5.Final.jar;D:\Maven_Repository\com\github\sgroschupf\zkclient\0.1\zkclient-0.1.jar;D:\Maven_Repository\org\apache\zookeeper\zookeeper\3.3.3\zookeeper-3.3.3.jar;D:\Maven_Repository\jline\jline\0.9.94\jline-0.9.94.jar;D:\Maven_Repository\log4j\log4j\1.2.14\log4j-1.2.14.jar;D:\Maven_Repository\org\slf4j\slf4j-api\1.7.25\slf4j-api-1.7.25.jar;D:\Maven_Repository\org\slf4j\slf4j-log4j12\1.7.25\slf4j-log4j12-1.7.25.jar
2018-03-23 09:37:00:807 [main] [Environment.java:97][INFO]:Client environment:java.library.path=C:\Program Files\Java\jdk1.8.0_131\bin;C:\Windows\Sun\Java\bin;C:\Windows\system32;C:\Windows;C:/Program Files/Java/jre1.8.0_131/bin/server;C:/Program Files/Java/jre1.8.0_131/bin;C:/Program Files/Java/jre1.8.0_131/lib/amd64;C:\ProgramData\Oracle\Java\javapath;C:\Windows\system32;C:\Windows;C:\Windows\System32\Wbem;C:\Windows\System32\WindowsPowerShell\v1.0\;C:\Program Files\Java\jdk1.8.0_66\bin;D:\apache-maven-3.3.9\bin;D:\TortoiseSVN\bin;C:\Program Files (x86)\HP\LoadRunner\strawberry-perl\perl\bin;C:\Program Files\Git\cmd;;D:\Program File\Microsoft VS Code\bin;D:\eclipse;;.
2018-03-23 09:37:00:807 [main] [Environment.java:97][INFO]:Client environment:java.io.tmpdir=C:\Users\ADMINI~1\AppData\Local\Temp\
2018-03-23 09:37:00:807 [main] [Environment.java:97][INFO]:Client environment:java.compiler=<NA>
2018-03-23 09:37:00:807 [main] [Environment.java:97][INFO]:Client environment:os.name=Windows 7
2018-03-23 09:37:00:807 [main] [Environment.java:97][INFO]:Client environment:os.arch=amd64
2018-03-23 09:37:00:807 [main] [Environment.java:97][INFO]:Client environment:os.version=6.1
2018-03-23 09:37:00:808 [main] [Environment.java:97][INFO]:Client environment:user.name=Administrator
2018-03-23 09:37:00:808 [main] [Environment.java:97][INFO]:Client environment:user.home=C:\Users\Administrator
2018-03-23 09:37:00:808 [main] [Environment.java:97][INFO]:Client environment:user.dir=D:\workspace\zubbo\zubbo-pro
2018-03-23 09:37:00:809 [main] [ZooKeeper.java:373][INFO]:Initiating client connection, connectString=127.0.0.1:2181 sessionTimeout=30000 watcher=org.I0Itec.zkclient.ZkClient@71075444
2018-03-23 09:37:00:811 [main] [ClientCnxn.java:99][DEBUG]:zookeeper.disableAutoWatchReset is false
2018-03-23 09:37:00:817 [main] [ZkClient.java:874][DEBUG]:Awaiting connection to Zookeeper server
2018-03-23 09:37:00:817 [main-SendThread()] [ClientCnxn.java:1041][INFO]:Opening socket connection to server /127.0.0.1:2181
2018-03-23 09:37:00:817 [main] [ZkClient.java:628][DEBUG]:Waiting for keeper state SyncConnected
2018-03-23 09:37:00:818 [main-SendThread(127.0.0.1:2181)] [ClientCnxn.java:949][INFO]:Socket connection established to 127.0.0.1/127.0.0.1:2181, initiating session
2018-03-23 09:37:00:820 [main-SendThread(127.0.0.1:2181)] [ClientCnxn.java:996][DEBUG]:Session establishment request sent on 127.0.0.1/127.0.0.1:2181
2018-03-23 09:37:00:845 [main-SendThread(127.0.0.1:2181)] [ClientCnxn.java:738][INFO]:Session establishment complete on server 127.0.0.1/127.0.0.1:2181, sessionid = 0x16250723fb70004, negotiated timeout = 30000
2018-03-23 09:37:00:846 [main-EventThread] [ZkClient.java:351][DEBUG]:Received event: WatchedEvent state:SyncConnected type:None path:null
2018-03-23 09:37:00:847 [main-EventThread] [ZkClient.java:449][INFO]:zookeeper state changed (SyncConnected)
2018-03-23 09:37:00:847 [main-EventThread] [ZkClient.java:395][DEBUG]:Leaving process event
2018-03-23 09:37:00:847 [main] [ZkClient.java:638][DEBUG]:State is SyncConnected
2018-03-23 09:37:00:849 [main] [AbstractRegistry.java:302][INFO]: [DUBBO] Register: dubbo://192.168.0.103:20880/com.zubbo.api.TestService?anyhost=true&application=t&dubbo=2.5.3&interface=com.zubbo.api.TestService&methods=sayHello&pid=7120&side=provider&timestamp=1521769020505, dubbo version: 2.5.3, current host: 127.0.0.1
2018-03-23 09:37:00:867 [main-SendThread(127.0.0.1:2181)] [ClientCnxn.java:838][DEBUG]:Reading reply sessionid:0x16250723fb70004, packet:: clientPath:null serverPath:null finished:false header:: 1,1  replyHeader:: 1,877,-110  request:: '/dubbo,,v{s{31,s{'world,'anyone}}},0  response::  
2018-03-23 09:37:00:894 [main-SendThread(127.0.0.1:2181)] [ClientCnxn.java:838][DEBUG]:Reading reply sessionid:0x16250723fb70004, packet:: clientPath:null serverPath:null finished:false header:: 2,1  replyHeader:: 2,878,-110  request:: '/dubbo/com.zubbo.api.TestService,,v{s{31,s{'world,'anyone}}},0  response::  
2018-03-23 09:37:00:912 [main-SendThread(127.0.0.1:2181)] [ClientCnxn.java:838][DEBUG]:Reading reply sessionid:0x16250723fb70004, packet:: clientPath:null serverPath:null finished:false header:: 3,1  replyHeader:: 3,879,-110  request:: '/dubbo/com.zubbo.api.TestService/providers,,v{s{31,s{'world,'anyone}}},0  response::  
2018-03-23 09:37:00:927 [main-SendThread(127.0.0.1:2181)] [ClientCnxn.java:838][DEBUG]:Reading reply sessionid:0x16250723fb70004, packet:: clientPath:null serverPath:null finished:false header:: 4,1  replyHeader:: 4,880,0  request:: '/dubbo/com.zubbo.api.TestService/providers/dubbo%253A%252F%252F192.168.0.103%253A20880%252Fcom.zubbo.api.TestService%253Fanyhost%253Dtrue%2526application%253Dt%2526dubbo%253D2.5.3%2526interface%253Dcom.zubbo.api.TestService%2526methods%253DsayHello%2526pid%253D7120%2526side%253Dprovider%2526timestamp%253D1521769020505,,v{s{31,s{'world,'anyone}}},1  response:: '/dubbo/com.zubbo.api.TestService/providers/dubbo%253A%252F%252F192.168.0.103%253A20880%252Fcom.zubbo.api.TestService%253Fanyhost%253Dtrue%2526application%253Dt%2526dubbo%253D2.5.3%2526interface%253Dcom.zubbo.api.TestService%2526methods%253DsayHello%2526pid%253D7120%2526side%253Dprovider%2526timestamp%253D1521769020505 
2018-03-23 09:37:00:928 [main] [AbstractRegistry.java:325][INFO]: [DUBBO] Subscribe: provider://192.168.0.103:20880/com.zubbo.api.TestService?anyhost=true&application=t&category=configurators&check=false&dubbo=2.5.3&interface=com.zubbo.api.TestService&methods=sayHello&pid=7120&side=provider&timestamp=1521769020505, dubbo version: 2.5.3, current host: 127.0.0.1
2018-03-23 09:37:00:941 [main-SendThread(127.0.0.1:2181)] [ClientCnxn.java:838][DEBUG]:Reading reply sessionid:0x16250723fb70004, packet:: clientPath:null serverPath:null finished:false header:: 5,1  replyHeader:: 5,881,-110  request:: '/dubbo,,v{s{31,s{'world,'anyone}}},0  response::  
2018-03-23 09:37:00:960 [main-SendThread(127.0.0.1:2181)] [ClientCnxn.java:838][DEBUG]:Reading reply sessionid:0x16250723fb70004, packet:: clientPath:null serverPath:null finished:false header:: 6,1  replyHeader:: 6,882,-110  request:: '/dubbo/com.zubbo.api.TestService,,v{s{31,s{'world,'anyone}}},0  response::  
2018-03-23 09:37:00:975 [main-SendThread(127.0.0.1:2181)] [ClientCnxn.java:838][DEBUG]:Reading reply sessionid:0x16250723fb70004, packet:: clientPath:null serverPath:null finished:false header:: 7,1  replyHeader:: 7,883,-110  request:: '/dubbo/com.zubbo.api.TestService/configurators,,v{s{31,s{'world,'anyone}}},0  response::  
2018-03-23 09:37:00:984 [main-SendThread(127.0.0.1:2181)] [ClientCnxn.java:838][DEBUG]:Reading reply sessionid:0x16250723fb70004, packet:: clientPath:null serverPath:null finished:false header:: 8,3  replyHeader:: 8,883,0  request:: '/dubbo/com.zubbo.api.TestService/configurators,T  response:: s{633,633,1521510844649,1521510844649,0,0,0,0,0,0,633} 
2018-03-23 09:37:00:990 [main-SendThread(127.0.0.1:2181)] [ClientCnxn.java:838][DEBUG]:Reading reply sessionid:0x16250723fb70004, packet:: clientPath:null serverPath:null finished:false header:: 9,8  replyHeader:: 9,883,0  request:: '/dubbo/com.zubbo.api.TestService/configurators,T  response:: v{} 
2018-03-23 09:37:00:991 [main] [AbstractRegistry.java:422][INFO]: [DUBBO] Notify urls for subscribe url provider://192.168.0.103:20880/com.zubbo.api.TestService?anyhost=true&application=t&category=configurators&check=false&dubbo=2.5.3&interface=com.zubbo.api.TestService&methods=sayHello&pid=7120&side=provider&timestamp=1521769020505, urls: [empty://192.168.0.103:20880/com.zubbo.api.TestService?anyhost=true&application=t&category=configurators&check=false&dubbo=2.5.3&interface=com.zubbo.api.TestService&methods=sayHello&pid=7120&side=provider&timestamp=1521769020505], dubbo version: 2.5.3, current host: 127.0.0.1
2018-03-23 09:37:01:004 [main] [ExtensionLoader.java:943][DEBUG]: [DUBBO] package com.alibaba.dubbo.rpc.cluster;
import com.alibaba.dubbo.common.extension.ExtensionLoader;
public class RouterFactory$Adpative implements com.alibaba.dubbo.rpc.cluster.RouterFactory {
public com.alibaba.dubbo.rpc.cluster.Router getRouter(com.alibaba.dubbo.common.URL arg0) {
if (arg0 == null) throw new IllegalArgumentException("url == null");
com.alibaba.dubbo.common.URL url = arg0;
String extName = url.getProtocol();
if(extName == null) throw new IllegalStateException("Fail to get extension(com.alibaba.dubbo.rpc.cluster.RouterFactory) name from url(" + url.toString() + ") use keys([protocol])");
com.alibaba.dubbo.rpc.cluster.RouterFactory extension = (com.alibaba.dubbo.rpc.cluster.RouterFactory)ExtensionLoader.getExtensionLoader(com.alibaba.dubbo.rpc.cluster.RouterFactory.class).getExtension(extName);
return extension.getRouter(arg0);
}
}, dubbo version: 2.5.3, current host: 127.0.0.1
2018-03-23 09:37:01:011 [main] [ExtensionLoader.java:943][DEBUG]: [DUBBO] package com.alibaba.dubbo.rpc.cluster;
import com.alibaba.dubbo.common.extension.ExtensionLoader;
public class ConfiguratorFactory$Adpative implements com.alibaba.dubbo.rpc.cluster.ConfiguratorFactory {
public com.alibaba.dubbo.rpc.cluster.Configurator getConfigurator(com.alibaba.dubbo.common.URL arg0) {
if (arg0 == null) throw new IllegalArgumentException("url == null");
com.alibaba.dubbo.common.URL url = arg0;
String extName = url.getProtocol();
if(extName == null) throw new IllegalStateException("Fail to get extension(com.alibaba.dubbo.rpc.cluster.ConfiguratorFactory) name from url(" + url.toString() + ") use keys([protocol])");
com.alibaba.dubbo.rpc.cluster.ConfiguratorFactory extension = (com.alibaba.dubbo.rpc.cluster.ConfiguratorFactory)ExtensionLoader.getExtensionLoader(com.alibaba.dubbo.rpc.cluster.ConfiguratorFactory.class).getExtension(extName);
return extension.getConfigurator(arg0);
}
}, dubbo version: 2.5.3, current host: 127.0.0.1
2018-03-23 09:37:01:021 [main] [PropertySourcesPropertyResolver.java:81][DEBUG]:Searching for key 'spring.liveBeansView.mbeanDomain' in [systemProperties]
2018-03-23 09:37:01:021 [main] [PropertySourcesPropertyResolver.java:81][DEBUG]:Searching for key 'spring.liveBeansView.mbeanDomain' in [systemEnvironment]
2018-03-23 09:37:01:021 [main] [PropertySourcesPropertyResolver.java:103][DEBUG]:Could not find key 'spring.liveBeansView.mbeanDomain' in any property source. Returning [null]
2018-03-23 09:37:01:024 [main] [AbstractBeanFactory.java:251][DEBUG]:Returning cached instance of singleton bean 'lifecycleProcessor'
2018-03-23 09:37:01:025 [main] [AbstractBeanFactory.java:251][DEBUG]:Returning cached instance of singleton bean 'com.zubbo.api.TestService'
2018-03-23 09:37:01:025 [main] [Main.java:81][INFO]: [DUBBO] Dubbo SpringContainer started!, dubbo version: 2.5.3, current host: 127.0.0.1
2018-03-23 09:37:10:992 [main-SendThread(127.0.0.1:2181)] [ClientCnxn.java:758][DEBUG]:Got ping response for sessionid: 0x16250723fb70004 after 1ms
2018-03-23 09:37:20:993 [main-SendThread(127.0.0.1:2181)] [ClientCnxn.java:758][DEBUG]:Got ping response for sessionid: 0x16250723fb70004 after 1ms
2018-03-23 09:37:21:227 [DubboServerHandler-192.168.0.103:20880-thread-2] [DecodeHandler.java:60][DEBUG]: [DUBBO] Decode decodeable message com.alibaba.dubbo.rpc.protocol.dubbo.DecodeableRpcInvocation, dubbo version: 2.5.3, current host: 127.0.0.1
2018-03-23 09:37:21:230 [DubboServerHandler-192.168.0.103:20880-thread-2] [TestServiceImpl.java:25][INFO]:say Hello!
2018-03-23 09:37:21:293 [New I/O server worker #1-1] [AbstractServer.java:197][WARN]: [DUBBO] All clients has discontected from /192.168.0.103:20880. You can graceful shutdown now., dubbo version: 2.5.3, current host: 127.0.0.1
2018-03-23 09:37:21:294 [DubboServerHandler-192.168.0.103:20880-thread-3] [DubboProtocol.java:130][INFO]: [DUBBO] disconected from /192.168.0.103:2335,url:dubbo://192.168.0.103:20880/com.zubbo.api.TestService?anyhost=true&application=t&channel.readonly.sent=true&codec=dubbo&dubbo=2.5.3&heartbeat=60000&interface=com.zubbo.api.TestService&methods=sayHello&pid=7120&side=provider&timestamp=1521769020505, dubbo version: 2.5.3, current host: 127.0.0.1
2018-03-23 09:37:30:993 [main-SendThread(127.0.0.1:2181)] [ClientCnxn.java:758][DEBUG]:Got ping response for sessionid: 0x16250723fb70004 after 1ms
2018-03-23 09:37:40:994 [main-SendThread(127.0.0.1:2181)] [ClientCnxn.java:758][DEBUG]:Got ping response for sessionid: 0x16250723fb70004 after 0ms
2018-03-23 09:37:50:996 [main-SendThread(127.0.0.1:2181)] [ClientCnxn.java:758][DEBUG]:Got ping response for sessionid: 0x16250723fb70004 after 1ms
2018-03-23 09:38:00:997 [main-SendThread(127.0.0.1:2181)] [ClientCnxn.java:758][DEBUG]:Got ping response for sessionid: 0x16250723fb70004 after 0ms
2018-03-23 09:38:03:267 [DubboServerHandler-192.168.0.103:20880-thread-5] [DecodeHandler.java:60][DEBUG]: [DUBBO] Decode decodeable message com.alibaba.dubbo.rpc.protocol.dubbo.DecodeableRpcInvocation, dubbo version: 2.5.3, current host: 127.0.0.1
2018-03-23 09:38:03:267 [DubboServerHandler-192.168.0.103:20880-thread-5] [TestServiceImpl.java:25][INFO]:say Hello!
2018-03-23 09:38:03:314 [New I/O server worker #1-2] [AbstractServer.java:197][WARN]: [DUBBO] All clients has discontected from /192.168.0.103:20880. You can graceful shutdown now., dubbo version: 2.5.3, current host: 127.0.0.1
2018-03-23 09:38:03:328 [DubboServerHandler-192.168.0.103:20880-thread-6] [DubboProtocol.java:130][INFO]: [DUBBO] disconected from /192.168.0.103:2354,url:dubbo://192.168.0.103:20880/com.zubbo.api.TestService?anyhost=true&application=t&channel.readonly.sent=true&codec=dubbo&dubbo=2.5.3&heartbeat=60000&interface=com.zubbo.api.TestService&methods=sayHello&pid=7120&side=provider&timestamp=1521769020505, dubbo version: 2.5.3, current host: 127.0.0.1
2018-03-23 09:38:11:000 [main-SendThread(127.0.0.1:2181)] [ClientCnxn.java:758][DEBUG]:Got ping response for sessionid: 0x16250723fb70004 after 1ms
2018-03-23 09:38:21:001 [main-SendThread(127.0.0.1:2181)] [ClientCnxn.java:758][DEBUG]:Got ping response for sessionid: 0x16250723fb70004 after 1ms
2018-03-23 09:38:31:003 [main-SendThread(127.0.0.1:2181)] [ClientCnxn.java:758][DEBUG]:Got ping response for sessionid: 0x16250723fb70004 after 1ms
2018-03-23 09:38:36:786 [DubboServerHandler-192.168.0.103:20880-thread-8] [DecodeHandler.java:60][DEBUG]: [DUBBO] Decode decodeable message com.alibaba.dubbo.rpc.protocol.dubbo.DecodeableRpcInvocation, dubbo version: 2.5.3, current host: 127.0.0.1
2018-03-23 09:38:36:787 [DubboServerHandler-192.168.0.103:20880-thread-8] [TestServiceImpl.java:25][INFO]:say Hello!
2018-03-23 09:38:36:845 [New I/O server worker #1-3] [AbstractServer.java:197][WARN]: [DUBBO] All clients has discontected from /192.168.0.103:20880. You can graceful shutdown now., dubbo version: 2.5.3, current host: 127.0.0.1
2018-03-23 09:38:36:846 [DubboServerHandler-192.168.0.103:20880-thread-9] [DubboProtocol.java:130][INFO]: [DUBBO] disconected from /192.168.0.103:2367,url:dubbo://192.168.0.103:20880/com.zubbo.api.TestService?anyhost=true&application=t&channel.readonly.sent=true&codec=dubbo&dubbo=2.5.3&heartbeat=60000&interface=com.zubbo.api.TestService&methods=sayHello&pid=7120&side=provider&timestamp=1521769020505, dubbo version: 2.5.3, current host: 127.0.0.1
2018-03-23 09:38:41:003 [main-SendThread(127.0.0.1:2181)] [ClientCnxn.java:758][DEBUG]:Got ping response for sessionid: 0x16250723fb70004 after 1ms
