2018-03-23 09:38:02:129 [main] [MutablePropertySources.java:109][DEBUG]:Adding [systemProperties] PropertySource with lowest search precedence
2018-03-23 09:38:02:132 [main] [MutablePropertySources.java:109][DEBUG]:Adding [systemEnvironment] PropertySource with lowest search precedence
2018-03-23 09:38:02:132 [main] [AbstractEnvironment.java:127][DEBUG]:Initialized StandardEnvironment with PropertySources [systemProperties,systemEnvironment]
2018-03-23 09:38:02:136 [main] [AbstractApplicationContext.java:578][INFO]:Refreshing org.springframework.context.support.ClassPathXmlApplicationContext@39ed3c8d: startup date [Fri Mar 23 09:38:02 CST 2018]; root of context hierarchy
2018-03-23 09:38:02:161 [main] [MutablePropertySources.java:109][DEBUG]:Adding [systemProperties] PropertySource with lowest search precedence
2018-03-23 09:38:02:162 [main] [MutablePropertySources.java:109][DEBUG]:Adding [systemEnvironment] PropertySource with lowest search precedence
2018-03-23 09:38:02:162 [main] [AbstractEnvironment.java:127][DEBUG]:Initialized StandardEnvironment with PropertySources [systemProperties,systemEnvironment]
2018-03-23 09:38:02:169 [main] [XmlBeanDefinitionReader.java:317][INFO]:Loading XML bean definitions from URL [file:/D:/workspace/zubbo/zubbo-con/target/classes/applicationContext.xml]
2018-03-23 09:38:02:182 [main] [DefaultDocumentLoader.java:73][DEBUG]:Using JAXP provider [com.sun.org.apache.xerces.internal.jaxp.DocumentBuilderFactoryImpl]
2018-03-23 09:38:02:208 [main] [PluggableSchemaResolver.java:141][DEBUG]:Loading schema mappings from [META-INF/spring.schemas]
2018-03-23 09:38:02:212 [main] [PluggableSchemaResolver.java:147][DEBUG]:Loaded schema mappings: {http://www.springframework.org/schema/tx/spring-tx-2.5.xsd=org/springframework/transaction/config/spring-tx-2.5.xsd, http://www.springframework.org/schema/cache/spring-cache-4.2.xsd=org/springframework/cache/config/spring-cache-4.2.xsd, http://www.springframework.org/schema/aop/spring-aop-4.1.xsd=org/springframework/aop/config/spring-aop-4.1.xsd, http://www.springframework.org/schema/context/spring-context-3.1.xsd=org/springframework/context/config/spring-context-3.1.xsd, http://www.springframework.org/schema/jdbc/spring-jdbc-4.1.xsd=org/springframework/jdbc/config/spring-jdbc-4.1.xsd, http://www.springframework.org/schema/jms/spring-jms-2.5.xsd=org/springframework/jms/config/spring-jms-2.5.xsd, http://www.springframework.org/schema/util/spring-util-3.0.xsd=org/springframework/beans/factory/xml/spring-util-3.0.xsd, http://www.springframework.org/schema/mvc/spring-mvc-4.1.xsd=org/springframework/web/servlet/config/spring-mvc-4.1.xsd, http://www.springframework.org/schema/tool/spring-tool.xsd=org/springframework/beans/factory/xml/spring-tool-2.5.xsd, http://www.springframework.org/schema/aop/spring-aop-3.2.xsd=org/springframework/aop/config/spring-aop-3.2.xsd, http://www.springframework.org/schema/lang/spring-lang-4.1.xsd=org/springframework/scripting/config/spring-lang-4.1.xsd, http://www.springframework.org/schema/context/spring-context-4.0.xsd=org/springframework/context/config/spring-context-4.0.xsd, http://www.springframework.org/schema/mvc/spring-mvc-3.2.xsd=org/springframework/web/servlet/config/spring-mvc-3.2.xsd, http://www.springframework.org/schema/beans/spring-beans-4.2.xsd=org/springframework/beans/factory/xml/spring-beans-4.2.xsd, http://www.springframework.org/schema/oxm/spring-oxm-3.0.xsd=org/springframework/oxm/config/spring-oxm-3.0.xsd, http://www.springframework.org/schema/tool/spring-tool-4.1.xsd=org/springframework/beans/factory/xml/spring-tool-4.1.xsd, http://www.springframework.org/schema/lang/spring-lang-3.2.xsd=org/springframework/scripting/config/spring-lang-3.2.xsd, http://www.springframework.org/schema/cache/spring-cache-3.2.xsd=org/springframework/cache/config/spring-cache-3.2.xsd, http://www.springframework.org/schema/jee/spring-jee-4.1.xsd=org/springframework/ejb/config/spring-jee-4.1.xsd, http://www.springframework.org/schema/jdbc/spring-jdbc-3.1.xsd=org/springframework/jdbc/config/spring-jdbc-3.1.xsd, http://www.springframework.org/schema/util/spring-util-2.0.xsd=org/springframework/beans/factory/xml/spring-util-2.0.xsd, http://www.springframework.org/schema/task/spring-task-4.2.xsd=org/springframework/scheduling/config/spring-task-4.2.xsd, http://www.springframework.org/schema/tool/spring-tool-3.2.xsd=org/springframework/beans/factory/xml/spring-tool-3.2.xsd, http://www.springframework.org/schema/context/spring-context.xsd=org/springframework/context/config/spring-context-2.5.xsd, http://www.springframework.org/schema/tx/spring-tx-4.2.xsd=org/springframework/transaction/config/spring-tx-4.2.xsd, http://www.springframework.org/schema/cache/spring-cache-4.1.xsd=org/springframework/cache/config/spring-cache-4.1.xsd, http://www.springframework.org/schema/aop/spring-aop-4.0.xsd=org/springframework/aop/config/spring-aop-4.0.xsd, http://www.springframework.org/schema/jee/spring-jee-3.2.xsd=org/springframework/ejb/config/spring-jee-3.2.xsd, http://www.springframework.org/schema/context/spring-context-3.0.xsd=org/springframework/context/config/spring-context-3.0.xsd, http://www.springframework.org/schema/jdbc/spring-jdbc-4.0.xsd=org/springframework/jdbc/config/spring-jdbc-4.0.xsd, http://www.springframework.org/schema/util/spring-util-2.5.xsd=org/springframework/beans/factory/xml/spring-util-2.5.xsd, http://www.springframework.org/schema/mvc/spring-mvc-4.0.xsd=org/springframework/web/servlet/config/spring-mvc-4.0.xsd, http://www.springframework.org/schema/beans/spring-beans-3.2.xsd=org/springframework/beans/factory/xml/spring-beans-3.2.xsd, http://www.springframework.org/schema/aop/spring-aop-3.1.xsd=org/springframework/aop/config/spring-aop-3.1.xsd, http://www.springframework.org/schema/lang/spring-lang-4.0.xsd=org/springframework/scripting/config/spring-lang-4.0.xsd, http://www.springframework.org/schema/mvc/spring-mvc.xsd=org/springframework/web/servlet/config/spring-mvc-4.2.xsd, http://www.springframework.org/schema/mvc/spring-mvc-3.1.xsd=org/springframework/web/servlet/config/spring-mvc-3.1.xsd, http://www.springframework.org/schema/beans/spring-beans-4.1.xsd=org/springframework/beans/factory/xml/spring-beans-4.1.xsd, http://www.springframework.org/schema/tool/spring-tool-4.0.xsd=org/springframework/beans/factory/xml/spring-tool-4.0.xsd, http://www.springframework.org/schema/lang/spring-lang-3.1.xsd=org/springframework/scripting/config/spring-lang-3.1.xsd, http://www.springframework.org/schema/tx/spring-tx-3.2.xsd=org/springframework/transaction/config/spring-tx-3.2.xsd, http://www.springframework.org/schema/cache/spring-cache-3.1.xsd=org/springframework/cache/config/spring-cache-3.1.xsd, http://www.springframework.org/schema/jee/spring-jee-4.0.xsd=org/springframework/ejb/config/spring-jee-4.0.xsd, http://www.springframework.org/schema/jdbc/spring-jdbc-3.0.xsd=org/springframework/jdbc/config/spring-jdbc-3.0.xsd, http://www.springframework.org/schema/task/spring-task-4.1.xsd=org/springframework/scheduling/config/spring-task-4.1.xsd, http://www.springframework.org/schema/tool/spring-tool-3.1.xsd=org/springframework/beans/factory/xml/spring-tool-3.1.xsd, http://www.springframework.org/schema/jdbc/spring-jdbc.xsd=org/springframework/jdbc/config/spring-jdbc-4.2.xsd, http://www.springframework.org/schema/tx/spring-tx-4.1.xsd=org/springframework/transaction/config/spring-tx-4.1.xsd, http://www.springframework.org/schema/cache/spring-cache-4.0.xsd=org/springframework/cache/config/spring-cache-4.0.xsd, http://code.alibabatech.com/schema/dubbo/dubbo.xsd=META-INF/dubbo.xsd, http://www.springframework.org/schema/jee/spring-jee-3.1.xsd=org/springframework/ejb/config/spring-jee-3.1.xsd, http://www.springframework.org/schema/util/spring-util-4.2.xsd=org/springframework/beans/factory/xml/spring-util-4.2.xsd, http://www.springframework.org/schema/task/spring-task-3.2.xsd=org/springframework/scheduling/config/spring-task-3.2.xsd, http://www.springframework.org/schema/beans/spring-beans-3.1.xsd=org/springframework/beans/factory/xml/spring-beans-3.1.xsd, http://www.springframework.org/schema/util/spring-util.xsd=org/springframework/beans/factory/xml/spring-util-2.5.xsd, http://www.springframework.org/schema/aop/spring-aop-3.0.xsd=org/springframework/aop/config/spring-aop-3.0.xsd, http://www.springframework.org/schema/mvc/spring-mvc-3.0.xsd=org/springframework/web/servlet/config/spring-mvc-3.0.xsd, http://www.springframework.org/schema/beans/spring-beans-4.0.xsd=org/springframework/beans/factory/xml/spring-beans-4.0.xsd, http://www.springframework.org/schema/oxm/spring-oxm-4.2.xsd=org/springframework/oxm/config/spring-oxm-4.2.xsd, http://www.springframework.org/schema/beans/spring-beans.xsd=org/springframework/beans/factory/xml/spring-beans-2.5.xsd, http://www.springframework.org/schema/lang/spring-lang-3.0.xsd=org/springframework/scripting/config/spring-lang-3.0.xsd, http://www.springframework.org/schema/tx/spring-tx-3.1.xsd=org/springframework/transaction/config/spring-tx-3.1.xsd, http://www.springframework.org/schema/context/spring-context-2.5.xsd=org/springframework/context/config/spring-context-2.5.xsd, http://www.springframework.org/schema/task/spring-task-4.0.xsd=org/springframework/scheduling/config/spring-task-4.0.xsd, http://www.springframework.org/schema/tool/spring-tool-3.0.xsd=org/springframework/beans/factory/xml/spring-tool-3.0.xsd, http://www.springframework.org/schema/tx/spring-tx-4.0.xsd=org/springframework/transaction/config/spring-tx-4.0.xsd, http://www.springframework.org/schema/aop/spring-aop-2.0.xsd=org/springframework/aop/config/spring-aop-2.0.xsd, http://www.springframework.org/schema/jee/spring-jee-3.0.xsd=org/springframework/ejb/config/spring-jee-3.0.xsd, http://www.springframework.org/schema/util/spring-util-4.1.xsd=org/springframework/beans/factory/xml/spring-util-4.1.xsd, http://www.springframework.org/schema/task/spring-task-3.1.xsd=org/springframework/scheduling/config/spring-task-3.1.xsd, http://www.springframework.org/schema/beans/spring-beans-3.0.xsd=org/springframework/beans/factory/xml/spring-beans-3.0.xsd, http://www.springframework.org/schema/jee/spring-jee.xsd=org/springframework/ejb/config/spring-jee-2.5.xsd, http://www.springframework.org/schema/jms/spring-jms.xsd=org/springframework/jms/config/spring-jms-2.5.xsd, http://www.springframework.org/schema/aop/spring-aop-2.5.xsd=org/springframework/aop/config/spring-aop-2.5.xsd, http://www.springframework.org/schema/lang/spring-lang-2.0.xsd=org/springframework/scripting/config/spring-lang-2.0.xsd, http://www.springframework.org/schema/oxm/spring-oxm.xsd=org/springframework/oxm/config/spring-oxm-4.2.xsd, http://www.springframework.org/schema/util/spring-util-3.2.xsd=org/springframework/beans/factory/xml/spring-util-3.2.xsd, http://www.springframework.org/schema/oxm/spring-oxm-4.1.xsd=org/springframework/oxm/config/spring-oxm-4.1.xsd, http://www.springframework.org/schema/task/spring-task.xsd=org/springframework/scheduling/config/spring-task-4.2.xsd, http://www.springframework.org/schema/tool/spring-tool-2.0.xsd=org/springframework/beans/factory/xml/spring-tool-2.0.xsd, http://www.springframework.org/schema/tx/spring-tx-3.0.xsd=org/springframework/transaction/config/spring-tx-3.0.xsd, http://www.springframework.org/schema/lang/spring-lang-2.5.xsd=org/springframework/scripting/config/spring-lang-2.5.xsd, http://www.springframework.org/schema/context/spring-context-4.2.xsd=org/springframework/context/config/spring-context-4.2.xsd, http://www.springframework.org/schema/jee/spring-jee-2.0.xsd=org/springframework/ejb/config/spring-jee-2.0.xsd, http://www.springframework.org/schema/oxm/spring-oxm-3.2.xsd=org/springframework/oxm/config/spring-oxm-3.2.xsd, http://www.springframework.org/schema/tool/spring-tool-2.5.xsd=org/springframework/beans/factory/xml/spring-tool-2.5.xsd, http://www.springframework.org/schema/jee/spring-jee-2.5.xsd=org/springframework/ejb/config/spring-jee-2.5.xsd, http://www.springframework.org/schema/util/spring-util-4.0.xsd=org/springframework/beans/factory/xml/spring-util-4.0.xsd, http://www.springframework.org/schema/task/spring-task-3.0.xsd=org/springframework/scheduling/config/spring-task-3.0.xsd, http://www.springframework.org/schema/aop/spring-aop-4.2.xsd=org/springframework/aop/config/spring-aop-4.2.xsd, http://www.springframework.org/schema/lang/spring-lang.xsd=org/springframework/scripting/config/spring-lang-2.5.xsd, http://www.springframework.org/schema/context/spring-context-3.2.xsd=org/springframework/context/config/spring-context-3.2.xsd, http://www.springframework.org/schema/jdbc/spring-jdbc-4.2.xsd=org/springframework/jdbc/config/spring-jdbc-4.2.xsd, http://www.springframework.org/schema/util/spring-util-3.1.xsd=org/springframework/beans/factory/xml/spring-util-3.1.xsd, http://www.springframework.org/schema/mvc/spring-mvc-4.2.xsd=org/springframework/web/servlet/config/spring-mvc-4.2.xsd, http://www.springframework.org/schema/beans/spring-beans-2.0.xsd=org/springframework/beans/factory/xml/spring-beans-2.0.xsd, http://www.springframework.org/schema/oxm/spring-oxm-4.0.xsd=org/springframework/oxm/config/spring-oxm-4.0.xsd, http://www.springframework.org/schema/cache/spring-cache.xsd=org/springframework/cache/config/spring-cache-4.2.xsd, http://www.springframework.org/schema/tx/spring-tx.xsd=org/springframework/transaction/config/spring-tx-2.5.xsd, http://www.springframework.org/schema/lang/spring-lang-4.2.xsd=org/springframework/scripting/config/spring-lang-4.2.xsd, http://www.springframework.org/schema/context/spring-context-4.1.xsd=org/springframework/context/config/spring-context-4.1.xsd, http://www.springframework.org/schema/beans/spring-beans-2.5.xsd=org/springframework/beans/factory/xml/spring-beans-2.5.xsd, http://www.springframework.org/schema/oxm/spring-oxm-3.1.xsd=org/springframework/oxm/config/spring-oxm-3.1.xsd, http://www.springframework.org/schema/tool/spring-tool-4.2.xsd=org/springframework/beans/factory/xml/spring-tool-4.2.xsd, http://www.springframework.org/schema/tx/spring-tx-2.0.xsd=org/springframework/transaction/config/spring-tx-2.0.xsd, http://www.springframework.org/schema/jee/spring-jee-4.2.xsd=org/springframework/ejb/config/spring-jee-4.2.xsd, http://www.springframework.org/schema/jdbc/spring-jdbc-3.2.xsd=org/springframework/jdbc/config/spring-jdbc-3.2.xsd, http://www.springframework.org/schema/aop/spring-aop.xsd=org/springframework/aop/config/spring-aop-2.5.xsd}
2018-03-23 09:38:02:215 [main] [PluggableSchemaResolver.java:119][DEBUG]:Found XML schema [http://www.springframework.org/schema/beans/spring-beans-4.0.xsd] in classpath: org/springframework/beans/factory/xml/spring-beans-4.0.xsd
2018-03-23 09:38:02:247 [main] [PluggableSchemaResolver.java:119][DEBUG]:Found XML schema [http://code.alibabatech.com/schema/dubbo/dubbo.xsd] in classpath: META-INF/dubbo.xsd
2018-03-23 09:38:02:270 [main] [DefaultBeanDefinitionDocumentReader.java:92][DEBUG]:Loading bean definitions
2018-03-23 09:38:02:280 [main] [DefaultNamespaceHandlerResolver.java:157][DEBUG]:Loaded NamespaceHandler mappings: {http://www.springframework.org/schema/p=org.springframework.beans.factory.xml.SimplePropertyNamespaceHandler, http://www.springframework.org/schema/mvc=org.springframework.web.servlet.config.MvcNamespaceHandler, http://www.springframework.org/schema/util=org.springframework.beans.factory.xml.UtilNamespaceHandler, http://code.alibabatech.com/schema/dubbo=com.alibaba.dubbo.config.spring.schema.DubboNamespaceHandler, http://www.springframework.org/schema/jee=org.springframework.ejb.config.JeeNamespaceHandler, http://www.springframework.org/schema/aop=org.springframework.aop.config.AopNamespaceHandler, http://www.springframework.org/schema/jdbc=org.springframework.jdbc.config.JdbcNamespaceHandler, http://www.springframework.org/schema/oxm=org.springframework.oxm.config.OxmNamespaceHandler, http://www.springframework.org/schema/cache=org.springframework.cache.config.CacheNamespaceHandler, http://www.springframework.org/schema/c=org.springframework.beans.factory.xml.SimpleConstructorNamespaceHandler, http://www.springframework.org/schema/tx=org.springframework.transaction.config.TxNamespaceHandler, http://www.springframework.org/schema/jms=org.springframework.jms.config.JmsNamespaceHandler, http://www.springframework.org/schema/task=org.springframework.scheduling.config.TaskNamespaceHandler, http://www.springframework.org/schema/lang=org.springframework.scripting.config.LangNamespaceHandler, http://www.springframework.org/schema/context=org.springframework.context.config.ContextNamespaceHandler}
2018-03-23 09:38:02:284 [main] [?:?][INFO]:using logger: com.alibaba.dubbo.common.logger.log4j.Log4jLoggerAdapter
2018-03-23 09:38:02:307 [main] [AbstractBeanDefinitionReader.java:224][DEBUG]:Loaded 4 bean definitions from location pattern [classpath*:applicationContext.xml]
2018-03-23 09:38:02:308 [main] [AbstractApplicationContext.java:612][DEBUG]:Bean factory for org.springframework.context.support.ClassPathXmlApplicationContext@39ed3c8d: org.springframework.beans.factory.support.DefaultListableBeanFactory@5383967b: defining beans [c,com.alibaba.dubbo.config.RegistryConfig,dubbo,testService]; root of factory hierarchy
2018-03-23 09:38:02:320 [main] [AbstractApplicationContext.java:718][DEBUG]:Unable to locate MessageSource with name 'messageSource': using default [org.springframework.context.support.DelegatingMessageSource@4bbfb90a]
2018-03-23 09:38:02:321 [main] [AbstractApplicationContext.java:742][DEBUG]:Unable to locate ApplicationEventMulticaster with name 'applicationEventMulticaster': using default [org.springframework.context.event.SimpleApplicationEventMulticaster@76707e36]
2018-03-23 09:38:02:322 [main] [DefaultListableBeanFactory.java:741][DEBUG]:Pre-instantiating singletons in org.springframework.beans.factory.support.DefaultListableBeanFactory@5383967b: defining beans [c,com.alibaba.dubbo.config.RegistryConfig,dubbo,testService]; root of factory hierarchy
2018-03-23 09:38:02:323 [main] [DefaultSingletonBeanRegistry.java:221][DEBUG]:Creating shared instance of singleton bean 'c'
2018-03-23 09:38:02:323 [main] [AbstractAutowireCapableBeanFactory.java:448][DEBUG]:Creating instance of bean 'c'
2018-03-23 09:38:02:335 [main] [AbstractAutowireCapableBeanFactory.java:529][DEBUG]:Eagerly caching bean 'c' to allow for resolving potential circular references
2018-03-23 09:38:02:365 [main] [AbstractAutowireCapableBeanFactory.java:484][DEBUG]:Finished creating instance of bean 'c'
2018-03-23 09:38:02:366 [main] [DefaultSingletonBeanRegistry.java:221][DEBUG]:Creating shared instance of singleton bean 'com.alibaba.dubbo.config.RegistryConfig'
2018-03-23 09:38:02:366 [main] [AbstractAutowireCapableBeanFactory.java:448][DEBUG]:Creating instance of bean 'com.alibaba.dubbo.config.RegistryConfig'
2018-03-23 09:38:02:366 [main] [AbstractAutowireCapableBeanFactory.java:529][DEBUG]:Eagerly caching bean 'com.alibaba.dubbo.config.RegistryConfig' to allow for resolving potential circular references
2018-03-23 09:38:02:372 [main] [AbstractAutowireCapableBeanFactory.java:484][DEBUG]:Finished creating instance of bean 'com.alibaba.dubbo.config.RegistryConfig'
2018-03-23 09:38:02:372 [main] [DefaultSingletonBeanRegistry.java:221][DEBUG]:Creating shared instance of singleton bean 'dubbo'
2018-03-23 09:38:02:373 [main] [AbstractAutowireCapableBeanFactory.java:448][DEBUG]:Creating instance of bean 'dubbo'
2018-03-23 09:38:02:373 [main] [AbstractAutowireCapableBeanFactory.java:529][DEBUG]:Eagerly caching bean 'dubbo' to allow for resolving potential circular references
2018-03-23 09:38:02:377 [main] [AbstractAutowireCapableBeanFactory.java:484][DEBUG]:Finished creating instance of bean 'dubbo'
2018-03-23 09:38:02:378 [main] [DefaultSingletonBeanRegistry.java:221][DEBUG]:Creating shared instance of singleton bean 'testService'
2018-03-23 09:38:02:378 [main] [AbstractAutowireCapableBeanFactory.java:448][DEBUG]:Creating instance of bean 'testService'
2018-03-23 09:38:02:408 [main] [ExtensionLoader.java:943][DEBUG]: [DUBBO] package com.alibaba.dubbo.rpc;
import com.alibaba.dubbo.common.extension.ExtensionLoader;
public class Protocol$Adpative implements com.alibaba.dubbo.rpc.Protocol {
public void destroy() {throw new UnsupportedOperationException("method public abstract void com.alibaba.dubbo.rpc.Protocol.destroy() of interface com.alibaba.dubbo.rpc.Protocol is not adaptive method!");
}
public int getDefaultPort() {throw new UnsupportedOperationException("method public abstract int com.alibaba.dubbo.rpc.Protocol.getDefaultPort() of interface com.alibaba.dubbo.rpc.Protocol is not adaptive method!");
}
public com.alibaba.dubbo.rpc.Invoker refer(java.lang.Class arg0, com.alibaba.dubbo.common.URL arg1) throws java.lang.Class {
if (arg1 == null) throw new IllegalArgumentException("url == null");
com.alibaba.dubbo.common.URL url = arg1;
String extName = ( url.getProtocol() == null ? "dubbo" : url.getProtocol() );
if(extName == null) throw new IllegalStateException("Fail to get extension(com.alibaba.dubbo.rpc.Protocol) name from url(" + url.toString() + ") use keys([protocol])");
com.alibaba.dubbo.rpc.Protocol extension = (com.alibaba.dubbo.rpc.Protocol)ExtensionLoader.getExtensionLoader(com.alibaba.dubbo.rpc.Protocol.class).getExtension(extName);
return extension.refer(arg0, arg1);
}
public com.alibaba.dubbo.rpc.Exporter export(com.alibaba.dubbo.rpc.Invoker arg0) throws com.alibaba.dubbo.rpc.Invoker {
if (arg0 == null) throw new IllegalArgumentException("com.alibaba.dubbo.rpc.Invoker argument == null");
if (arg0.getUrl() == null) throw new IllegalArgumentException("com.alibaba.dubbo.rpc.Invoker argument getUrl() == null");com.alibaba.dubbo.common.URL url = arg0.getUrl();
String extName = ( url.getProtocol() == null ? "dubbo" : url.getProtocol() );
if(extName == null) throw new IllegalStateException("Fail to get extension(com.alibaba.dubbo.rpc.Protocol) name from url(" + url.toString() + ") use keys([protocol])");
com.alibaba.dubbo.rpc.Protocol extension = (com.alibaba.dubbo.rpc.Protocol)ExtensionLoader.getExtensionLoader(com.alibaba.dubbo.rpc.Protocol.class).getExtension(extName);
return extension.export(arg0);
}
}, dubbo version: 2.5.3, current host: 127.0.0.1
2018-03-23 09:38:02:489 [main] [ExtensionLoader.java:943][DEBUG]: [DUBBO] package com.alibaba.dubbo.rpc.cluster;
import com.alibaba.dubbo.common.extension.ExtensionLoader;
public class Cluster$Adpative implements com.alibaba.dubbo.rpc.cluster.Cluster {
public com.alibaba.dubbo.rpc.Invoker join(com.alibaba.dubbo.rpc.cluster.Directory arg0) throws com.alibaba.dubbo.rpc.cluster.Directory {
if (arg0 == null) throw new IllegalArgumentException("com.alibaba.dubbo.rpc.cluster.Directory argument == null");
if (arg0.getUrl() == null) throw new IllegalArgumentException("com.alibaba.dubbo.rpc.cluster.Directory argument getUrl() == null");com.alibaba.dubbo.common.URL url = arg0.getUrl();
String extName = url.getParameter("cluster", "failover");
if(extName == null) throw new IllegalStateException("Fail to get extension(com.alibaba.dubbo.rpc.cluster.Cluster) name from url(" + url.toString() + ") use keys([cluster])");
com.alibaba.dubbo.rpc.cluster.Cluster extension = (com.alibaba.dubbo.rpc.cluster.Cluster)ExtensionLoader.getExtensionLoader(com.alibaba.dubbo.rpc.cluster.Cluster.class).getExtension(extName);
return extension.join(arg0);
}
}, dubbo version: 2.5.3, current host: 127.0.0.1
2018-03-23 09:38:02:502 [main] [ExtensionLoader.java:943][DEBUG]: [DUBBO] package com.alibaba.dubbo.rpc;
import com.alibaba.dubbo.common.extension.ExtensionLoader;
public class ProxyFactory$Adpative implements com.alibaba.dubbo.rpc.ProxyFactory {
public java.lang.Object getProxy(com.alibaba.dubbo.rpc.Invoker arg0) throws com.alibaba.dubbo.rpc.Invoker {
if (arg0 == null) throw new IllegalArgumentException("com.alibaba.dubbo.rpc.Invoker argument == null");
if (arg0.getUrl() == null) throw new IllegalArgumentException("com.alibaba.dubbo.rpc.Invoker argument getUrl() == null");com.alibaba.dubbo.common.URL url = arg0.getUrl();
String extName = url.getParameter("proxy", "javassist");
if(extName == null) throw new IllegalStateException("Fail to get extension(com.alibaba.dubbo.rpc.ProxyFactory) name from url(" + url.toString() + ") use keys([proxy])");
com.alibaba.dubbo.rpc.ProxyFactory extension = (com.alibaba.dubbo.rpc.ProxyFactory)ExtensionLoader.getExtensionLoader(com.alibaba.dubbo.rpc.ProxyFactory.class).getExtension(extName);
return extension.getProxy(arg0);
}
public com.alibaba.dubbo.rpc.Invoker getInvoker(java.lang.Object arg0, java.lang.Class arg1, com.alibaba.dubbo.common.URL arg2) throws java.lang.Object {
if (arg2 == null) throw new IllegalArgumentException("url == null");
com.alibaba.dubbo.common.URL url = arg2;
String extName = url.getParameter("proxy", "javassist");
if(extName == null) throw new IllegalStateException("Fail to get extension(com.alibaba.dubbo.rpc.ProxyFactory) name from url(" + url.toString() + ") use keys([proxy])");
com.alibaba.dubbo.rpc.ProxyFactory extension = (com.alibaba.dubbo.rpc.ProxyFactory)ExtensionLoader.getExtensionLoader(com.alibaba.dubbo.rpc.ProxyFactory.class).getExtension(extName);
return extension.getInvoker(arg0, arg1, arg2);
}
}, dubbo version: 2.5.3, current host: 127.0.0.1
2018-03-23 09:38:02:516 [main] [AbstractAutowireCapableBeanFactory.java:529][DEBUG]:Eagerly caching bean 'testService' to allow for resolving potential circular references
2018-03-23 09:38:02:534 [main] [AbstractAutowireCapableBeanFactory.java:1620][DEBUG]:Invoking afterPropertiesSet() on bean with name 'testService'
2018-03-23 09:38:02:535 [main] [AbstractBeanFactory.java:251][DEBUG]:Returning cached instance of singleton bean 'c'
2018-03-23 09:38:02:535 [main] [AbstractBeanFactory.java:251][DEBUG]:Returning cached instance of singleton bean 'com.alibaba.dubbo.config.RegistryConfig'
2018-03-23 09:38:02:536 [main] [AbstractAutowireCapableBeanFactory.java:484][DEBUG]:Finished creating instance of bean 'testService'
2018-03-23 09:38:02:537 [main] [AbstractApplicationContext.java:769][DEBUG]:Unable to locate LifecycleProcessor with name 'lifecycleProcessor': using default [org.springframework.context.support.DefaultLifecycleProcessor@7f1302d6]
2018-03-23 09:38:02:538 [main] [AbstractBeanFactory.java:251][DEBUG]:Returning cached instance of singleton bean 'lifecycleProcessor'
2018-03-23 09:38:02:540 [main] [PropertySourcesPropertyResolver.java:81][DEBUG]:Searching for key 'spring.liveBeansView.mbeanDomain' in [systemProperties]
2018-03-23 09:38:02:540 [main] [PropertySourcesPropertyResolver.java:81][DEBUG]:Searching for key 'spring.liveBeansView.mbeanDomain' in [systemEnvironment]
2018-03-23 09:38:02:541 [main] [PropertySourcesPropertyResolver.java:103][DEBUG]:Could not find key 'spring.liveBeansView.mbeanDomain' in any property source. Returning [null]
2018-03-23 09:38:02:542 [main] [AbstractBeanFactory.java:251][DEBUG]:Returning cached instance of singleton bean 'lifecycleProcessor'
2018-03-23 09:38:02:542 [main] [AbstractBeanFactory.java:251][DEBUG]:Returning cached instance of singleton bean 'testService'
2018-03-23 09:38:02:579 [main] [ExtensionLoader.java:943][DEBUG]: [DUBBO] package com.alibaba.dubbo.registry;
import com.alibaba.dubbo.common.extension.ExtensionLoader;
public class RegistryFactory$Adpative implements com.alibaba.dubbo.registry.RegistryFactory {
public com.alibaba.dubbo.registry.Registry getRegistry(com.alibaba.dubbo.common.URL arg0) {
if (arg0 == null) throw new IllegalArgumentException("url == null");
com.alibaba.dubbo.common.URL url = arg0;
String extName = ( url.getProtocol() == null ? "dubbo" : url.getProtocol() );
if(extName == null) throw new IllegalStateException("Fail to get extension(com.alibaba.dubbo.registry.RegistryFactory) name from url(" + url.toString() + ") use keys([protocol])");
com.alibaba.dubbo.registry.RegistryFactory extension = (com.alibaba.dubbo.registry.RegistryFactory)ExtensionLoader.getExtensionLoader(com.alibaba.dubbo.registry.RegistryFactory.class).getExtension(extName);
return extension.getRegistry(arg0);
}
}, dubbo version: 2.5.3, current host: 127.0.0.1
2018-03-23 09:38:02:588 [main] [ExtensionLoader.java:943][DEBUG]: [DUBBO] package com.alibaba.dubbo.remoting.zookeeper;
import com.alibaba.dubbo.common.extension.ExtensionLoader;
public class ZookeeperTransporter$Adpative implements com.alibaba.dubbo.remoting.zookeeper.ZookeeperTransporter {
public com.alibaba.dubbo.remoting.zookeeper.ZookeeperClient connect(com.alibaba.dubbo.common.URL arg0) {
if (arg0 == null) throw new IllegalArgumentException("url == null");
com.alibaba.dubbo.common.URL url = arg0;
String extName = url.getParameter("client", url.getParameter("transporter", "zkclient"));
if(extName == null) throw new IllegalStateException("Fail to get extension(com.alibaba.dubbo.remoting.zookeeper.ZookeeperTransporter) name from url(" + url.toString() + ") use keys([client, transporter])");
com.alibaba.dubbo.remoting.zookeeper.ZookeeperTransporter extension = (com.alibaba.dubbo.remoting.zookeeper.ZookeeperTransporter)ExtensionLoader.getExtensionLoader(com.alibaba.dubbo.remoting.zookeeper.ZookeeperTransporter.class).getExtension(extName);
return extension.connect(arg0);
}
}, dubbo version: 2.5.3, current host: 127.0.0.1
2018-03-23 09:38:02:602 [main] [AbstractRegistry.java:232][INFO]: [DUBBO] Load registry store file C:\Users\Administrator\.dubbo\dubbo-registry-127.0.0.1.cache, data: {com.zubbo.api.TestService=empty://192.168.0.103/com.zubbo.api.TestService?application=c&category=configurators&dubbo=2.5.3&interface=com.zubbo.api.TestService&methods=sayHello&pid=4908&side=consumer&timestamp=1521769040480 empty://192.168.0.103/com.zubbo.api.TestService?application=c&category=routers&dubbo=2.5.3&interface=com.zubbo.api.TestService&methods=sayHello&pid=4908&side=consumer&timestamp=1521769040480 dubbo://192.168.0.103:20880/com.zubbo.api.TestService?anyhost=true&application=t&dubbo=2.5.3&interface=com.zubbo.api.TestService&methods=sayHello&pid=7120&side=provider&timestamp=1521769020505}, dubbo version: 2.5.3, current host: 127.0.0.1
2018-03-23 09:38:02:612 [main] [ZkConnection.java:63][DEBUG]:Creating new ZookKeeper instance to connect to 127.0.0.1:2181.
2018-03-23 09:38:02:612 [ZkClient-EventThread-12-127.0.0.1:2181] [ZkEventThread.java:64][INFO]:Starting ZkClient event thread.
2018-03-23 09:38:02:617 [main] [Environment.java:97][INFO]:Client environment:zookeeper.version=3.3.3-1073969, built on 02/23/2011 22:27 GMT
2018-03-23 09:38:02:618 [main] [Environment.java:97][INFO]:Client environment:host.name=oys-PC
2018-03-23 09:38:02:618 [main] [Environment.java:97][INFO]:Client environment:java.version=1.8.0_131
2018-03-23 09:38:02:618 [main] [Environment.java:97][INFO]:Client environment:java.vendor=Oracle Corporation
2018-03-23 09:38:02:618 [main] [Environment.java:97][INFO]:Client environment:java.home=C:\Program Files\Java\jdk1.8.0_131\jre
2018-03-23 09:38:02:618 [main] [Environment.java:97][INFO]:Client environment:java.class.path=D:\workspace\zubbo\zubbo-con\target\classes;D:\workspace\zubbo\zubbo-api\target\classes;D:\Maven_Repository\org\springframework\spring-core\4.2.4.RELEASE\spring-core-4.2.4.RELEASE.jar;D:\Maven_Repository\commons-logging\commons-logging\1.2\commons-logging-1.2.jar;D:\Maven_Repository\org\springframework\spring-orm\4.2.4.RELEASE\spring-orm-4.2.4.RELEASE.jar;D:\Maven_Repository\org\springframework\spring-aspects\4.2.4.RELEASE\spring-aspects-4.2.4.RELEASE.jar;D:\Maven_Repository\org\aspectj\aspectjweaver\1.8.7\aspectjweaver-1.8.7.jar;D:\Maven_Repository\org\springframework\spring-oxm\4.2.4.RELEASE\spring-oxm-4.2.4.RELEASE.jar;D:\Maven_Repository\org\springframework\spring-jdbc\4.2.4.RELEASE\spring-jdbc-4.2.4.RELEASE.jar;D:\Maven_Repository\org\springframework\spring-tx\4.2.4.RELEASE\spring-tx-4.2.4.RELEASE.jar;D:\Maven_Repository\org\springframework\spring-aop\4.2.4.RELEASE\spring-aop-4.2.4.RELEASE.jar;D:\Maven_Repository\aopalliance\aopalliance\1.0\aopalliance-1.0.jar;D:\Maven_Repository\org\springframework\spring-web\4.2.4.RELEASE\spring-web-4.2.4.RELEASE.jar;D:\Maven_Repository\org\springframework\spring-context\4.2.4.RELEASE\spring-context-4.2.4.RELEASE.jar;D:\Maven_Repository\org\springframework\spring-webmvc\4.2.4.RELEASE\spring-webmvc-4.2.4.RELEASE.jar;D:\Maven_Repository\org\springframework\spring-expression\4.2.4.RELEASE\spring-expression-4.2.4.RELEASE.jar;D:\Maven_Repository\org\springframework\spring-context-support\4.2.4.RELEASE\spring-context-support-4.2.4.RELEASE.jar;D:\Maven_Repository\org\springframework\spring-test\4.2.4.RELEASE\spring-test-4.2.4.RELEASE.jar;D:\Maven_Repository\org\springframework\spring-beans\4.2.4.RELEASE\spring-beans-4.2.4.RELEASE.jar;D:\Maven_Repository\com\alibaba\dubbo\2.5.3\dubbo-2.5.3.jar;D:\Maven_Repository\org\springframework\spring\2.5.6.SEC03\spring-2.5.6.SEC03.jar;D:\Maven_Repository\org\javassist\javassist\3.15.0-GA\javassist-3.15.0-GA.jar;D:\Maven_Repository\org\jboss\netty\netty\3.2.5.Final\netty-3.2.5.Final.jar;D:\Maven_Repository\com\github\sgroschupf\zkclient\0.1\zkclient-0.1.jar;D:\Maven_Repository\org\apache\zookeeper\zookeeper\3.3.3\zookeeper-3.3.3.jar;D:\Maven_Repository\jline\jline\0.9.94\jline-0.9.94.jar;D:\Maven_Repository\log4j\log4j\1.2.14\log4j-1.2.14.jar;D:\Maven_Repository\org\slf4j\slf4j-api\1.7.25\slf4j-api-1.7.25.jar;D:\Maven_Repository\org\slf4j\slf4j-log4j12\1.7.25\slf4j-log4j12-1.7.25.jar
2018-03-23 09:38:02:619 [main] [Environment.java:97][INFO]:Client environment:java.library.path=C:\Program Files\Java\jdk1.8.0_131\bin;C:\Windows\Sun\Java\bin;C:\Windows\system32;C:\Windows;C:/Program Files/Java/jre1.8.0_131/bin/server;C:/Program Files/Java/jre1.8.0_131/bin;C:/Program Files/Java/jre1.8.0_131/lib/amd64;C:\ProgramData\Oracle\Java\javapath;C:\Windows\system32;C:\Windows;C:\Windows\System32\Wbem;C:\Windows\System32\WindowsPowerShell\v1.0\;C:\Program Files\Java\jdk1.8.0_66\bin;D:\apache-maven-3.3.9\bin;D:\TortoiseSVN\bin;C:\Program Files (x86)\HP\LoadRunner\strawberry-perl\perl\bin;C:\Program Files\Git\cmd;;D:\Program File\Microsoft VS Code\bin;D:\eclipse;;.
2018-03-23 09:38:02:619 [main] [Environment.java:97][INFO]:Client environment:java.io.tmpdir=C:\Users\ADMINI~1\AppData\Local\Temp\
2018-03-23 09:38:02:619 [main] [Environment.java:97][INFO]:Client environment:java.compiler=<NA>
2018-03-23 09:38:02:619 [main] [Environment.java:97][INFO]:Client environment:os.name=Windows 7
2018-03-23 09:38:02:620 [main] [Environment.java:97][INFO]:Client environment:os.arch=amd64
2018-03-23 09:38:02:621 [main] [Environment.java:97][INFO]:Client environment:os.version=6.1
2018-03-23 09:38:02:621 [main] [Environment.java:97][INFO]:Client environment:user.name=Administrator
2018-03-23 09:38:02:621 [main] [Environment.java:97][INFO]:Client environment:user.home=C:\Users\Administrator
2018-03-23 09:38:02:622 [main] [Environment.java:97][INFO]:Client environment:user.dir=D:\workspace\zubbo\zubbo-con
2018-03-23 09:38:02:623 [main] [ZooKeeper.java:373][INFO]:Initiating client connection, connectString=127.0.0.1:2181 sessionTimeout=30000 watcher=org.I0Itec.zkclient.ZkClient@647e447
2018-03-23 09:38:02:625 [main] [ClientCnxn.java:99][DEBUG]:zookeeper.disableAutoWatchReset is false
2018-03-23 09:38:02:738 [main] [ZkClient.java:874][DEBUG]:Awaiting connection to Zookeeper server
2018-03-23 09:38:02:738 [main-SendThread()] [ClientCnxn.java:1041][INFO]:Opening socket connection to server /127.0.0.1:2181
2018-03-23 09:38:02:739 [main] [ZkClient.java:628][DEBUG]:Waiting for keeper state SyncConnected
2018-03-23 09:38:02:740 [main-SendThread(127.0.0.1:2181)] [ClientCnxn.java:949][INFO]:Socket connection established to 127.0.0.1/127.0.0.1:2181, initiating session
2018-03-23 09:38:02:742 [main-SendThread(127.0.0.1:2181)] [ClientCnxn.java:996][DEBUG]:Session establishment request sent on 127.0.0.1/127.0.0.1:2181
2018-03-23 09:38:02:770 [main-SendThread(127.0.0.1:2181)] [ClientCnxn.java:738][INFO]:Session establishment complete on server 127.0.0.1/127.0.0.1:2181, sessionid = 0x16250723fb70006, negotiated timeout = 30000
2018-03-23 09:38:02:771 [main-EventThread] [ZkClient.java:351][DEBUG]:Received event: WatchedEvent state:SyncConnected type:None path:null
2018-03-23 09:38:02:772 [main-EventThread] [ZkClient.java:449][INFO]:zookeeper state changed (SyncConnected)
2018-03-23 09:38:02:772 [main-EventThread] [ZkClient.java:395][DEBUG]:Leaving process event
2018-03-23 09:38:02:772 [main] [ZkClient.java:638][DEBUG]:State is SyncConnected
2018-03-23 09:38:02:783 [main] [ExtensionLoader.java:943][DEBUG]: [DUBBO] package com.alibaba.dubbo.rpc.cluster;
import com.alibaba.dubbo.common.extension.ExtensionLoader;
public class RouterFactory$Adpative implements com.alibaba.dubbo.rpc.cluster.RouterFactory {
public com.alibaba.dubbo.rpc.cluster.Router getRouter(com.alibaba.dubbo.common.URL arg0) {
if (arg0 == null) throw new IllegalArgumentException("url == null");
com.alibaba.dubbo.common.URL url = arg0;
String extName = url.getProtocol();
if(extName == null) throw new IllegalStateException("Fail to get extension(com.alibaba.dubbo.rpc.cluster.RouterFactory) name from url(" + url.toString() + ") use keys([protocol])");
com.alibaba.dubbo.rpc.cluster.RouterFactory extension = (com.alibaba.dubbo.rpc.cluster.RouterFactory)ExtensionLoader.getExtensionLoader(com.alibaba.dubbo.rpc.cluster.RouterFactory.class).getExtension(extName);
return extension.getRouter(arg0);
}
}, dubbo version: 2.5.3, current host: 127.0.0.1
2018-03-23 09:38:02:801 [main] [ExtensionLoader.java:943][DEBUG]: [DUBBO] package com.alibaba.dubbo.rpc.cluster;
import com.alibaba.dubbo.common.extension.ExtensionLoader;
public class ConfiguratorFactory$Adpative implements com.alibaba.dubbo.rpc.cluster.ConfiguratorFactory {
public com.alibaba.dubbo.rpc.cluster.Configurator getConfigurator(com.alibaba.dubbo.common.URL arg0) {
if (arg0 == null) throw new IllegalArgumentException("url == null");
com.alibaba.dubbo.common.URL url = arg0;
String extName = url.getProtocol();
if(extName == null) throw new IllegalStateException("Fail to get extension(com.alibaba.dubbo.rpc.cluster.ConfiguratorFactory) name from url(" + url.toString() + ") use keys([protocol])");
com.alibaba.dubbo.rpc.cluster.ConfiguratorFactory extension = (com.alibaba.dubbo.rpc.cluster.ConfiguratorFactory)ExtensionLoader.getExtensionLoader(com.alibaba.dubbo.rpc.cluster.ConfiguratorFactory.class).getExtension(extName);
return extension.getConfigurator(arg0);
}
}, dubbo version: 2.5.3, current host: 127.0.0.1
2018-03-23 09:38:02:809 [main] [AbstractRegistry.java:302][INFO]: [DUBBO] Register: consumer://192.168.0.103/com.zubbo.api.TestService?application=c&category=consumers&check=false&dubbo=2.5.3&interface=com.zubbo.api.TestService&methods=sayHello&pid=5808&side=consumer&timestamp=1521769082546, dubbo version: 2.5.3, current host: 192.168.0.103
2018-03-23 09:38:02:825 [main-SendThread(127.0.0.1:2181)] [ClientCnxn.java:838][DEBUG]:Reading reply sessionid:0x16250723fb70006, packet:: clientPath:null serverPath:null finished:false header:: 1,1  replyHeader:: 1,902,-110  request:: '/dubbo,,v{s{31,s{'world,'anyone}}},0  response::  
2018-03-23 09:38:02:851 [main-SendThread(127.0.0.1:2181)] [ClientCnxn.java:838][DEBUG]:Reading reply sessionid:0x16250723fb70006, packet:: clientPath:null serverPath:null finished:false header:: 2,1  replyHeader:: 2,903,-110  request:: '/dubbo/com.zubbo.api.TestService,,v{s{31,s{'world,'anyone}}},0  response::  
2018-03-23 09:38:02:871 [main-SendThread(127.0.0.1:2181)] [ClientCnxn.java:838][DEBUG]:Reading reply sessionid:0x16250723fb70006, packet:: clientPath:null serverPath:null finished:false header:: 3,1  replyHeader:: 3,904,-110  request:: '/dubbo/com.zubbo.api.TestService/consumers,,v{s{31,s{'world,'anyone}}},0  response::  
2018-03-23 09:38:02:894 [main-SendThread(127.0.0.1:2181)] [ClientCnxn.java:838][DEBUG]:Reading reply sessionid:0x16250723fb70006, packet:: clientPath:null serverPath:null finished:false header:: 4,1  replyHeader:: 4,905,0  request:: '/dubbo/com.zubbo.api.TestService/consumers/consumer%253A%252F%252F192.168.0.103%252Fcom.zubbo.api.TestService%253Fapplication%253Dc%2526category%253Dconsumers%2526check%253Dfalse%2526dubbo%253D2.5.3%2526interface%253Dcom.zubbo.api.TestService%2526methods%253DsayHello%2526pid%253D5808%2526side%253Dconsumer%2526timestamp%253D1521769082546,,v{s{31,s{'world,'anyone}}},1  response:: '/dubbo/com.zubbo.api.TestService/consumers/consumer%253A%252F%252F192.168.0.103%252Fcom.zubbo.api.TestService%253Fapplication%253Dc%2526category%253Dconsumers%2526check%253Dfalse%2526dubbo%253D2.5.3%2526interface%253Dcom.zubbo.api.TestService%2526methods%253DsayHello%2526pid%253D5808%2526side%253Dconsumer%2526timestamp%253D1521769082546 
2018-03-23 09:38:02:894 [main] [AbstractRegistry.java:325][INFO]: [DUBBO] Subscribe: consumer://192.168.0.103/com.zubbo.api.TestService?application=c&category=providers,configurators,routers&dubbo=2.5.3&interface=com.zubbo.api.TestService&methods=sayHello&pid=5808&side=consumer&timestamp=1521769082546, dubbo version: 2.5.3, current host: 192.168.0.103
2018-03-23 09:38:02:907 [main-SendThread(127.0.0.1:2181)] [ClientCnxn.java:838][DEBUG]:Reading reply sessionid:0x16250723fb70006, packet:: clientPath:null serverPath:null finished:false header:: 5,1  replyHeader:: 5,906,-110  request:: '/dubbo,,v{s{31,s{'world,'anyone}}},0  response::  
2018-03-23 09:38:02:926 [main-SendThread(127.0.0.1:2181)] [ClientCnxn.java:838][DEBUG]:Reading reply sessionid:0x16250723fb70006, packet:: clientPath:null serverPath:null finished:false header:: 6,1  replyHeader:: 6,907,-110  request:: '/dubbo/com.zubbo.api.TestService,,v{s{31,s{'world,'anyone}}},0  response::  
2018-03-23 09:38:02:940 [main-SendThread(127.0.0.1:2181)] [ClientCnxn.java:838][DEBUG]:Reading reply sessionid:0x16250723fb70006, packet:: clientPath:null serverPath:null finished:false header:: 7,1  replyHeader:: 7,908,-110  request:: '/dubbo/com.zubbo.api.TestService/providers,,v{s{31,s{'world,'anyone}}},0  response::  
2018-03-23 09:38:02:946 [main-SendThread(127.0.0.1:2181)] [ClientCnxn.java:838][DEBUG]:Reading reply sessionid:0x16250723fb70006, packet:: clientPath:null serverPath:null finished:false header:: 8,3  replyHeader:: 8,908,0  request:: '/dubbo/com.zubbo.api.TestService/providers,T  response:: s{629,629,1521510844557,1521510844557,0,23,0,0,0,1,884} 
2018-03-23 09:38:02:949 [main-SendThread(127.0.0.1:2181)] [ClientCnxn.java:838][DEBUG]:Reading reply sessionid:0x16250723fb70006, packet:: clientPath:null serverPath:null finished:false header:: 9,8  replyHeader:: 9,908,0  request:: '/dubbo/com.zubbo.api.TestService/providers,T  response:: v{'dubbo%253A%252F%252F192.168.0.103%253A20880%252Fcom.zubbo.api.TestService%253Fanyhost%253Dtrue%2526application%253Dt%2526dubbo%253D2.5.3%2526interface%253Dcom.zubbo.api.TestService%2526methods%253DsayHello%2526pid%253D7120%2526side%253Dprovider%2526timestamp%253D1521769020505} 
2018-03-23 09:38:02:968 [main-SendThread(127.0.0.1:2181)] [ClientCnxn.java:838][DEBUG]:Reading reply sessionid:0x16250723fb70006, packet:: clientPath:null serverPath:null finished:false header:: 10,1  replyHeader:: 10,909,-110  request:: '/dubbo,,v{s{31,s{'world,'anyone}}},0  response::  
2018-03-23 09:38:02:982 [main-SendThread(127.0.0.1:2181)] [ClientCnxn.java:838][DEBUG]:Reading reply sessionid:0x16250723fb70006, packet:: clientPath:null serverPath:null finished:false header:: 11,1  replyHeader:: 11,910,-110  request:: '/dubbo/com.zubbo.api.TestService,,v{s{31,s{'world,'anyone}}},0  response::  
2018-03-23 09:38:03:001 [main-SendThread(127.0.0.1:2181)] [ClientCnxn.java:838][DEBUG]:Reading reply sessionid:0x16250723fb70006, packet:: clientPath:null serverPath:null finished:false header:: 12,1  replyHeader:: 12,911,-110  request:: '/dubbo/com.zubbo.api.TestService/configurators,,v{s{31,s{'world,'anyone}}},0  response::  
2018-03-23 09:38:03:003 [main-SendThread(127.0.0.1:2181)] [ClientCnxn.java:838][DEBUG]:Reading reply sessionid:0x16250723fb70006, packet:: clientPath:null serverPath:null finished:false header:: 13,3  replyHeader:: 13,911,0  request:: '/dubbo/com.zubbo.api.TestService/configurators,T  response:: s{633,633,1521510844649,1521510844649,0,0,0,0,0,0,633} 
2018-03-23 09:38:03:004 [main-SendThread(127.0.0.1:2181)] [ClientCnxn.java:838][DEBUG]:Reading reply sessionid:0x16250723fb70006, packet:: clientPath:null serverPath:null finished:false header:: 14,8  replyHeader:: 14,911,0  request:: '/dubbo/com.zubbo.api.TestService/configurators,T  response:: v{} 
2018-03-23 09:38:03:015 [main-SendThread(127.0.0.1:2181)] [ClientCnxn.java:838][DEBUG]:Reading reply sessionid:0x16250723fb70006, packet:: clientPath:null serverPath:null finished:false header:: 15,1  replyHeader:: 15,912,-110  request:: '/dubbo,,v{s{31,s{'world,'anyone}}},0  response::  
2018-03-23 09:38:03:035 [main-SendThread(127.0.0.1:2181)] [ClientCnxn.java:838][DEBUG]:Reading reply sessionid:0x16250723fb70006, packet:: clientPath:null serverPath:null finished:false header:: 16,1  replyHeader:: 16,913,-110  request:: '/dubbo/com.zubbo.api.TestService,,v{s{31,s{'world,'anyone}}},0  response::  
2018-03-23 09:38:03:049 [main-SendThread(127.0.0.1:2181)] [ClientCnxn.java:838][DEBUG]:Reading reply sessionid:0x16250723fb70006, packet:: clientPath:null serverPath:null finished:false header:: 17,1  replyHeader:: 17,914,-110  request:: '/dubbo/com.zubbo.api.TestService/routers,,v{s{31,s{'world,'anyone}}},0  response::  
2018-03-23 09:38:03:051 [main-SendThread(127.0.0.1:2181)] [ClientCnxn.java:838][DEBUG]:Reading reply sessionid:0x16250723fb70006, packet:: clientPath:null serverPath:null finished:false header:: 18,3  replyHeader:: 18,914,0  request:: '/dubbo/com.zubbo.api.TestService/routers,T  response:: s{659,659,1521511114318,1521511114318,0,0,0,0,0,0,659} 
2018-03-23 09:38:03:052 [main-SendThread(127.0.0.1:2181)] [ClientCnxn.java:838][DEBUG]:Reading reply sessionid:0x16250723fb70006, packet:: clientPath:null serverPath:null finished:false header:: 19,8  replyHeader:: 19,914,0  request:: '/dubbo/com.zubbo.api.TestService/routers,T  response:: v{} 
2018-03-23 09:38:03:053 [main] [AbstractRegistry.java:422][INFO]: [DUBBO] Notify urls for subscribe url consumer://192.168.0.103/com.zubbo.api.TestService?application=c&category=providers,configurators,routers&dubbo=2.5.3&interface=com.zubbo.api.TestService&methods=sayHello&pid=5808&side=consumer&timestamp=1521769082546, urls: [dubbo://192.168.0.103:20880/com.zubbo.api.TestService?anyhost=true&application=t&dubbo=2.5.3&interface=com.zubbo.api.TestService&methods=sayHello&pid=7120&side=provider&timestamp=1521769020505, empty://192.168.0.103/com.zubbo.api.TestService?application=c&category=configurators&dubbo=2.5.3&interface=com.zubbo.api.TestService&methods=sayHello&pid=5808&side=consumer&timestamp=1521769082546, empty://192.168.0.103/com.zubbo.api.TestService?application=c&category=routers&dubbo=2.5.3&interface=com.zubbo.api.TestService&methods=sayHello&pid=5808&side=consumer&timestamp=1521769082546], dubbo version: 2.5.3, current host: 192.168.0.103
2018-03-23 09:38:03:076 [main] [ExtensionLoader.java:943][DEBUG]: [DUBBO] package com.alibaba.dubbo.remoting;
import com.alibaba.dubbo.common.extension.ExtensionLoader;
public class Transporter$Adpative implements com.alibaba.dubbo.remoting.Transporter {
public com.alibaba.dubbo.remoting.Client connect(com.alibaba.dubbo.common.URL arg0, com.alibaba.dubbo.remoting.ChannelHandler arg1) throws com.alibaba.dubbo.common.URL {
if (arg0 == null) throw new IllegalArgumentException("url == null");
com.alibaba.dubbo.common.URL url = arg0;
String extName = url.getParameter("client", url.getParameter("transporter", "netty"));
if(extName == null) throw new IllegalStateException("Fail to get extension(com.alibaba.dubbo.remoting.Transporter) name from url(" + url.toString() + ") use keys([client, transporter])");
com.alibaba.dubbo.remoting.Transporter extension = (com.alibaba.dubbo.remoting.Transporter)ExtensionLoader.getExtensionLoader(com.alibaba.dubbo.remoting.Transporter.class).getExtension(extName);
return extension.connect(arg0, arg1);
}
public com.alibaba.dubbo.remoting.Server bind(com.alibaba.dubbo.common.URL arg0, com.alibaba.dubbo.remoting.ChannelHandler arg1) throws com.alibaba.dubbo.common.URL {
if (arg0 == null) throw new IllegalArgumentException("url == null");
com.alibaba.dubbo.common.URL url = arg0;
String extName = url.getParameter("server", url.getParameter("transporter", "netty"));
if(extName == null) throw new IllegalStateException("Fail to get extension(com.alibaba.dubbo.remoting.Transporter) name from url(" + url.toString() + ") use keys([server, transporter])");
com.alibaba.dubbo.remoting.Transporter extension = (com.alibaba.dubbo.remoting.Transporter)ExtensionLoader.getExtensionLoader(com.alibaba.dubbo.remoting.Transporter.class).getExtension(extName);
return extension.bind(arg0, arg1);
}
}, dubbo version: 2.5.3, current host: 192.168.0.103
2018-03-23 09:38:03:111 [main] [ExtensionLoader.java:943][DEBUG]: [DUBBO] package com.alibaba.dubbo.remoting;
import com.alibaba.dubbo.common.extension.ExtensionLoader;
public class Dispatcher$Adpative implements com.alibaba.dubbo.remoting.Dispatcher {
public com.alibaba.dubbo.remoting.ChannelHandler dispatch(com.alibaba.dubbo.remoting.ChannelHandler arg0, com.alibaba.dubbo.common.URL arg1) {
if (arg1 == null) throw new IllegalArgumentException("url == null");
com.alibaba.dubbo.common.URL url = arg1;
String extName = url.getParameter("dispatcher", url.getParameter("dispather", url.getParameter("channel.handler", "all")));
if(extName == null) throw new IllegalStateException("Fail to get extension(com.alibaba.dubbo.remoting.Dispatcher) name from url(" + url.toString() + ") use keys([dispatcher, dispather, channel.handler])");
com.alibaba.dubbo.remoting.Dispatcher extension = (com.alibaba.dubbo.remoting.Dispatcher)ExtensionLoader.getExtensionLoader(com.alibaba.dubbo.remoting.Dispatcher.class).getExtension(extName);
return extension.dispatch(arg0, arg1);
}
}, dubbo version: 2.5.3, current host: 192.168.0.103
2018-03-23 09:38:03:122 [main] [ExtensionLoader.java:943][DEBUG]: [DUBBO] package com.alibaba.dubbo.common.threadpool;
import com.alibaba.dubbo.common.extension.ExtensionLoader;
public class ThreadPool$Adpative implements com.alibaba.dubbo.common.threadpool.ThreadPool {
public java.util.concurrent.Executor getExecutor(com.alibaba.dubbo.common.URL arg0) {
if (arg0 == null) throw new IllegalArgumentException("url == null");
com.alibaba.dubbo.common.URL url = arg0;
String extName = url.getParameter("threadpool", "fixed");
if(extName == null) throw new IllegalStateException("Fail to get extension(com.alibaba.dubbo.common.threadpool.ThreadPool) name from url(" + url.toString() + ") use keys([threadpool])");
com.alibaba.dubbo.common.threadpool.ThreadPool extension = (com.alibaba.dubbo.common.threadpool.ThreadPool)ExtensionLoader.getExtensionLoader(com.alibaba.dubbo.common.threadpool.ThreadPool.class).getExtension(extName);
return extension.getExecutor(arg0);
}
}, dubbo version: 2.5.3, current host: 192.168.0.103
2018-03-23 09:38:03:175 [main] [AbstractClient.java:287][INFO]: [DUBBO] Successed connect to server /192.168.0.103:20880 from NettyClient 192.168.0.103 using dubbo version 2.5.3, channel is NettyChannel [channel=[id: 0x272ed83b, /192.168.0.103:2354 => /192.168.0.103:20880]], dubbo version: 2.5.3, current host: 192.168.0.103
2018-03-23 09:38:03:176 [main] [AbstractClient.java:105][INFO]: [DUBBO] Start NettyClient oys-PC/192.168.0.103 connect to the server /192.168.0.103:20880, dubbo version: 2.5.3, current host: 192.168.0.103
2018-03-23 09:38:03:193 [main] [ExtensionLoader.java:943][DEBUG]: [DUBBO] package com.alibaba.dubbo.cache;
import com.alibaba.dubbo.common.extension.ExtensionLoader;
public class CacheFactory$Adpative implements com.alibaba.dubbo.cache.CacheFactory {
public com.alibaba.dubbo.cache.Cache getCache(com.alibaba.dubbo.common.URL arg0) {
if (arg0 == null) throw new IllegalArgumentException("url == null");
com.alibaba.dubbo.common.URL url = arg0;
String extName = url.getParameter("cache", "lru");
if(extName == null) throw new IllegalStateException("Fail to get extension(com.alibaba.dubbo.cache.CacheFactory) name from url(" + url.toString() + ") use keys([cache])");
com.alibaba.dubbo.cache.CacheFactory extension = (com.alibaba.dubbo.cache.CacheFactory)ExtensionLoader.getExtensionLoader(com.alibaba.dubbo.cache.CacheFactory.class).getExtension(extName);
return extension.getCache(arg0);
}
}, dubbo version: 2.5.3, current host: 192.168.0.103
2018-03-23 09:38:03:202 [main] [ExtensionLoader.java:943][DEBUG]: [DUBBO] package com.alibaba.dubbo.monitor;
import com.alibaba.dubbo.common.extension.ExtensionLoader;
public class MonitorFactory$Adpative implements com.alibaba.dubbo.monitor.MonitorFactory {
public com.alibaba.dubbo.monitor.Monitor getMonitor(com.alibaba.dubbo.common.URL arg0) {
if (arg0 == null) throw new IllegalArgumentException("url == null");
com.alibaba.dubbo.common.URL url = arg0;
String extName = ( url.getProtocol() == null ? "dubbo" : url.getProtocol() );
if(extName == null) throw new IllegalStateException("Fail to get extension(com.alibaba.dubbo.monitor.MonitorFactory) name from url(" + url.toString() + ") use keys([protocol])");
com.alibaba.dubbo.monitor.MonitorFactory extension = (com.alibaba.dubbo.monitor.MonitorFactory)ExtensionLoader.getExtensionLoader(com.alibaba.dubbo.monitor.MonitorFactory.class).getExtension(extName);
return extension.getMonitor(arg0);
}
}, dubbo version: 2.5.3, current host: 192.168.0.103
2018-03-23 09:38:03:210 [main] [ExtensionLoader.java:943][DEBUG]: [DUBBO] package com.alibaba.dubbo.validation;
import com.alibaba.dubbo.common.extension.ExtensionLoader;
public class Validation$Adpative implements com.alibaba.dubbo.validation.Validation {
public com.alibaba.dubbo.validation.Validator getValidator(com.alibaba.dubbo.common.URL arg0) {
if (arg0 == null) throw new IllegalArgumentException("url == null");
com.alibaba.dubbo.common.URL url = arg0;
String extName = url.getParameter("validation", "jvalidation");
if(extName == null) throw new IllegalStateException("Fail to get extension(com.alibaba.dubbo.validation.Validation) name from url(" + url.toString() + ") use keys([validation])");
com.alibaba.dubbo.validation.Validation extension = (com.alibaba.dubbo.validation.Validation)ExtensionLoader.getExtensionLoader(com.alibaba.dubbo.validation.Validation.class).getExtension(extName);
return extension.getValidator(arg0);
}
}, dubbo version: 2.5.3, current host: 192.168.0.103
2018-03-23 09:38:03:221 [main] [ReferenceConfig.java:423][INFO]: [DUBBO] Refer dubbo service com.zubbo.api.TestService from url zookeeper://127.0.0.1:2181/com.alibaba.dubbo.registry.RegistryService?anyhost=true&application=c&check=false&dubbo=2.5.3&interface=com.zubbo.api.TestService&methods=sayHello&pid=5808&side=consumer&timestamp=1521769082546, dubbo version: 2.5.3, current host: 192.168.0.103
2018-03-23 09:38:03:275 [DubboClientHandler-192.168.0.103:20880-thread-1] [DecodeHandler.java:60][DEBUG]: [DUBBO] Decode decodeable message com.alibaba.dubbo.rpc.protocol.dubbo.DecodeableRpcResult, dubbo version: 2.5.3, current host: 192.168.0.103
2018-03-23 09:38:03:275 [main] [App.java:23][INFO]:Hello it's me!
2018-03-23 09:38:03:276 [DubboShutdownHook] [AbstractConfig.java:450][INFO]: [DUBBO] Run shutdown hook now., dubbo version: 2.5.3, current host: 192.168.0.103
2018-03-23 09:38:03:277 [DubboShutdownHook] [AbstractRegistryFactory.java:63][INFO]: [DUBBO] Close all registries [zookeeper://127.0.0.1:2181/com.alibaba.dubbo.registry.RegistryService?application=c&dubbo=2.5.3&interface=com.alibaba.dubbo.registry.RegistryService&pid=5808&timestamp=1521769082573], dubbo version: 2.5.3, current host: 192.168.0.103
2018-03-23 09:38:03:277 [DubboShutdownHook] [AbstractRegistry.java:485][INFO]: [DUBBO] Destroy registry:zookeeper://127.0.0.1:2181/com.alibaba.dubbo.registry.RegistryService?application=c&dubbo=2.5.3&interface=com.alibaba.dubbo.registry.RegistryService&pid=5808&timestamp=1521769082573, dubbo version: 2.5.3, current host: 192.168.0.103
2018-03-23 09:38:03:277 [DubboShutdownHook] [AbstractRegistry.java:312][INFO]: [DUBBO] Unregister: consumer://192.168.0.103/com.zubbo.api.TestService?application=c&category=consumers&check=false&dubbo=2.5.3&interface=com.zubbo.api.TestService&methods=sayHello&pid=5808&side=consumer&timestamp=1521769082546, dubbo version: 2.5.3, current host: 192.168.0.103
2018-03-23 09:38:03:293 [main-SendThread(127.0.0.1:2181)] [ClientCnxn.java:838][DEBUG]:Reading reply sessionid:0x16250723fb70006, packet:: clientPath:null serverPath:null finished:false header:: 20,2  replyHeader:: 20,915,0  request:: '/dubbo/com.zubbo.api.TestService/consumers/consumer%253A%252F%252F192.168.0.103%252Fcom.zubbo.api.TestService%253Fapplication%253Dc%2526category%253Dconsumers%2526check%253Dfalse%2526dubbo%253D2.5.3%2526interface%253Dcom.zubbo.api.TestService%2526methods%253DsayHello%2526pid%253D5808%2526side%253Dconsumer%2526timestamp%253D1521769082546,-1  response:: null
2018-03-23 09:38:03:293 [DubboShutdownHook] [AbstractRegistry.java:494][INFO]: [DUBBO] Destroy unregister url consumer://192.168.0.103/com.zubbo.api.TestService?application=c&category=consumers&check=false&dubbo=2.5.3&interface=com.zubbo.api.TestService&methods=sayHello&pid=5808&side=consumer&timestamp=1521769082546, dubbo version: 2.5.3, current host: 192.168.0.103
2018-03-23 09:38:03:293 [DubboShutdownHook] [AbstractRegistry.java:343][INFO]: [DUBBO] Unsubscribe: consumer://192.168.0.103/com.zubbo.api.TestService?application=c&category=providers,configurators,routers&dubbo=2.5.3&interface=com.zubbo.api.TestService&methods=sayHello&pid=5808&side=consumer&timestamp=1521769082546, dubbo version: 2.5.3, current host: 192.168.0.103
2018-03-23 09:38:03:294 [DubboShutdownHook] [AbstractRegistry.java:510][INFO]: [DUBBO] Destroy unsubscribe url consumer://192.168.0.103/com.zubbo.api.TestService?application=c&category=providers,configurators,routers&dubbo=2.5.3&interface=com.zubbo.api.TestService&methods=sayHello&pid=5808&side=consumer&timestamp=1521769082546, dubbo version: 2.5.3, current host: 192.168.0.103
2018-03-23 09:38:03:294 [DubboShutdownHook] [ZkClient.java:915][DEBUG]:Closing ZkClient...
2018-03-23 09:38:03:294 [ZkClient-EventThread-12-127.0.0.1:2181] [ZkEventThread.java:82][INFO]:Terminate ZkClient event thread.
2018-03-23 09:38:03:294 [DubboShutdownHook] [ZkConnection.java:77][DEBUG]:Closing ZooKeeper connected to 127.0.0.1:2181
2018-03-23 09:38:03:294 [DubboShutdownHook] [ZooKeeper.java:527][DEBUG]:Closing session: 0x16250723fb70006
2018-03-23 09:38:03:294 [DubboShutdownHook] [ClientCnxn.java:1287][DEBUG]:Closing client for session: 0x16250723fb70006
2018-03-23 09:38:03:312 [main-SendThread(127.0.0.1:2181)] [ClientCnxn.java:838][DEBUG]:Reading reply sessionid:0x16250723fb70006, packet:: clientPath:null serverPath:null finished:false header:: 21,-11  replyHeader:: 21,916,0  request:: null response:: null
2018-03-23 09:38:03:312 [DubboShutdownHook] [ClientCnxn.java:1271][DEBUG]:Disconnecting client for session: 0x16250723fb70006
2018-03-23 09:38:03:312 [DubboShutdownHook] [ZooKeeper.java:538][INFO]:Session: 0x16250723fb70006 closed
2018-03-23 09:38:03:312 [main-EventThread] [ClientCnxn.java:520][INFO]:EventThread shut down
2018-03-23 09:38:03:312 [DubboShutdownHook] [ZkClient.java:928][DEBUG]:Closing ZkClient...done
2018-03-23 09:38:03:313 [DubboShutdownHook] [DubboProtocol.java:407][INFO]: [DUBBO] Close dubbo connect: /192.168.0.103:2354-->/192.168.0.103:20880, dubbo version: 2.5.3, current host: 192.168.0.103
2018-03-23 09:38:03:313 [DubboShutdownHook] [NettyChannel.java:135][INFO]: [DUBBO] Close netty channel [id: 0x272ed83b, /192.168.0.103:2354 => /192.168.0.103:20880], dubbo version: 2.5.3, current host: 192.168.0.103
2018-03-23 09:38:03:314 [DubboSharedHandler-thread-1] [DubboProtocol.java:130][INFO]: [DUBBO] disconected from /192.168.0.103:20880,url:dubbo://192.168.0.103:20880/com.zubbo.api.TestService?anyhost=true&application=c&check=false&codec=dubbo&dubbo=2.5.3&heartbeat=60000&interface=com.zubbo.api.TestService&methods=sayHello&pid=5808&side=consumer&timestamp=1521769082546, dubbo version: 2.5.3, current host: 192.168.0.103
2018-03-23 09:38:03:314 [DubboShutdownHook] [DubboProtocol.java:421][INFO]: [DUBBO] Close dubbo connect: 192.168.0.103:0-->192.168.0.103:20880, dubbo version: 2.5.3, current host: 192.168.0.103
2018-03-23 09:38:03:315 [DubboShutdownHook] [AbstractProtocol.java:63][INFO]: [DUBBO] Destroy reference: dubbo://192.168.0.103:20880/com.zubbo.api.TestService?anyhost=true&application=c&check=false&dubbo=2.5.3&interface=com.zubbo.api.TestService&methods=sayHello&pid=5808&side=consumer&timestamp=1521769082546, dubbo version: 2.5.3, current host: 192.168.0.103
